<?xml version="1.0" encoding="utf-8"?>
<CoverageSession xmlns:xsd="http://www.w3.org/2001/XMLSchema" xmlns:xsi="http://www.w3.org/2001/XMLSchema-instance" Version="0.0.0.0">
  <Summary numSequencePoints="654" visitedSequencePoints="654" numBranchPoints="0" visitedBranchPoints="0" sequenceCoverage="100.0" branchCoverage="0.0" maxCyclomaticComplexity="0" minCyclomaticComplexity="0" maxCrapScore="0" minCrapScore="0" visitedClasses="54" numClasses="54" visitedMethods="104" numMethods="104" />
  <Modules>
    <Module>
      <Summary numSequencePoints="654" visitedSequencePoints="654" numBranchPoints="0" visitedBranchPoints="0" sequenceCoverage="100.0" branchCoverage="0.0" maxCyclomaticComplexity="0" minCyclomaticComplexity="0" maxCrapScore="0" minCrapScore="0" visitedClasses="54" numClasses="54" visitedMethods="104" numMethods="104" />
      <ModuleTime>0001-01-01T00:00:00</ModuleTime>
      <ModuleName>Tests</ModuleName>
      <Files>
        <File uid="1" fullPath="C:/Users/HookSSi/Desktop/SE_Recipe/Assets/Tests/HistoryTester.cs" />
        <File uid="2" fullPath="C:/Users/HookSSi/Desktop/SE_Recipe/Assets/Tests/LoginTester.cs" />
        <File uid="3" fullPath="C:/Users/HookSSi/Desktop/SE_Recipe/Assets/Tests/RecipeTester.cs" />
        <File uid="4" fullPath="C:/Users/HookSSi/Desktop/SE_Recipe/Assets/Tests/RegisterTester.cs" />
        <File uid="5" fullPath="C:/Users/HookSSi/Desktop/SE_Recipe/Assets/Tests/SearchTester.cs" />
      </Files>
      <Classes>
        <Class>
          <Summary numSequencePoints="9" visitedSequencePoints="9" numBranchPoints="0" visitedBranchPoints="0" sequenceCoverage="100.0" branchCoverage="0.0" maxCyclomaticComplexity="0" minCyclomaticComplexity="0" maxCrapScore="0" minCrapScore="0" visitedClasses="1" numClasses="1" visitedMethods="2" numMethods="2" />
          <FullName>Tests.HistoryTester</FullName>
          <Methods>
            <Method visited="true" cyclomaticComplexity="0" nPathComplexity="0" sequenceCoverage="100.0" branchCoverage="0" crapScore="0" isConstructor="false" isStatic="false" isGetter="false" isSetter="false">
              <Summary numSequencePoints="4" visitedSequencePoints="4" numBranchPoints="0" visitedBranchPoints="0" sequenceCoverage="100.0" branchCoverage="0" maxCyclomaticComplexity="0" minCyclomaticComplexity="0" maxCrapScore="0" minCrapScore="0" visitedClasses="0" numClasses="0" visitedMethods="1" numMethods="1" />
              <MetadataToken>100663297</MetadataToken>
              <Name>System.Void Tests.HistoryTester::OneTimeSetup()</Name>
              <FileRef uid="1" />
              <SequencePoints>
                <SequencePoint vc="6" uspid="1" ordinal="0" offset="0" sl="16" sc="9" el="16" ec="9" bec="0" bev="0" fileid="1" />
                <SequencePoint vc="6" uspid="2" ordinal="0" offset="1" sl="17" sc="13" el="17" ec="13" bec="0" bev="0" fileid="1" />
                <SequencePoint vc="6" uspid="3" ordinal="0" offset="19" sl="18" sc="13" el="18" ec="13" bec="0" bev="0" fileid="1" />
                <SequencePoint vc="6" uspid="4" ordinal="0" offset="31" sl="19" sc="9" el="19" ec="9" bec="0" bev="0" fileid="1" />
              </SequencePoints>
              <BranchPoints />
            </Method>
            <Method visited="true" cyclomaticComplexity="0" nPathComplexity="0" sequenceCoverage="100.0" branchCoverage="0" crapScore="0" isConstructor="false" isStatic="false" isGetter="false" isSetter="false">
              <Summary numSequencePoints="5" visitedSequencePoints="5" numBranchPoints="0" visitedBranchPoints="0" sequenceCoverage="100.0" branchCoverage="0" maxCyclomaticComplexity="0" minCyclomaticComplexity="0" maxCrapScore="0" minCrapScore="0" visitedClasses="0" numClasses="0" visitedMethods="1" numMethods="1" />
              <MetadataToken>100663298</MetadataToken>
              <Name>System.Void Tests.HistoryTester::OnSceneLoaded(UnityEngine.SceneManagement.Scene, UnityEngine.SceneManagement.LoadSceneMode)</Name>
              <FileRef uid="1" />
              <SequencePoints>
                <SequencePoint vc="45" uspid="5" ordinal="0" offset="0" sl="22" sc="9" el="22" ec="9" bec="0" bev="0" fileid="1" />
                <SequencePoint vc="45" uspid="6" ordinal="0" offset="1" sl="23" sc="13" el="23" ec="13" bec="0" bev="0" fileid="1" />
                <SequencePoint vc="45" uspid="7" ordinal="0" offset="8" sl="24" sc="13" el="24" ec="13" bec="0" bev="0" fileid="1" />
                <SequencePoint vc="45" uspid="8" ordinal="0" offset="19" sl="25" sc="13" el="25" ec="13" bec="0" bev="0" fileid="1" />
                <SequencePoint vc="45" uspid="9" ordinal="0" offset="36" sl="26" sc="9" el="26" ec="9" bec="0" bev="0" fileid="1" />
              </SequencePoints>
              <BranchPoints />
            </Method>
          </Methods>
        </Class>
        <Class>
          <Summary numSequencePoints="22" visitedSequencePoints="22" numBranchPoints="0" visitedBranchPoints="0" sequenceCoverage="100.0" branchCoverage="0.0" maxCyclomaticComplexity="0" minCyclomaticComplexity="0" maxCrapScore="0" minCrapScore="0" visitedClasses="1" numClasses="1" visitedMethods="5" numMethods="5" />
          <FullName>Tests.LoginTester</FullName>
          <Methods>
            <Method visited="true" cyclomaticComplexity="0" nPathComplexity="0" sequenceCoverage="100.0" branchCoverage="0" crapScore="0" isConstructor="false" isStatic="false" isGetter="false" isSetter="false">
              <Summary numSequencePoints="4" visitedSequencePoints="4" numBranchPoints="0" visitedBranchPoints="0" sequenceCoverage="100.0" branchCoverage="0" maxCyclomaticComplexity="0" minCyclomaticComplexity="0" maxCrapScore="0" minCrapScore="0" visitedClasses="0" numClasses="0" visitedMethods="1" numMethods="1" />
              <MetadataToken>100663306</MetadataToken>
              <Name>System.Void Tests.LoginTester::OneTimeSetup()</Name>
              <FileRef uid="2" />
              <SequencePoints>
                <SequencePoint vc="1" uspid="10" ordinal="0" offset="0" sl="17" sc="9" el="17" ec="9" bec="0" bev="0" fileid="2" />
                <SequencePoint vc="1" uspid="11" ordinal="0" offset="1" sl="18" sc="13" el="18" ec="13" bec="0" bev="0" fileid="2" />
                <SequencePoint vc="1" uspid="12" ordinal="0" offset="19" sl="19" sc="13" el="19" ec="13" bec="0" bev="0" fileid="2" />
                <SequencePoint vc="1" uspid="13" ordinal="0" offset="31" sl="20" sc="9" el="20" ec="9" bec="0" bev="0" fileid="2" />
              </SequencePoints>
              <BranchPoints />
            </Method>
            <Method visited="true" cyclomaticComplexity="0" nPathComplexity="0" sequenceCoverage="100.0" branchCoverage="0" crapScore="0" isConstructor="false" isStatic="false" isGetter="false" isSetter="false">
              <Summary numSequencePoints="4" visitedSequencePoints="4" numBranchPoints="0" visitedBranchPoints="0" sequenceCoverage="100.0" branchCoverage="0" maxCyclomaticComplexity="0" minCyclomaticComplexity="0" maxCrapScore="0" minCrapScore="0" visitedClasses="0" numClasses="0" visitedMethods="1" numMethods="1" />
              <MetadataToken>100663307</MetadataToken>
              <Name>System.Void Tests.LoginTester::OnSceneLoaded(UnityEngine.SceneManagement.Scene, UnityEngine.SceneManagement.LoadSceneMode)</Name>
              <FileRef uid="2" />
              <SequencePoints>
                <SequencePoint vc="4" uspid="14" ordinal="0" offset="0" sl="23" sc="9" el="23" ec="9" bec="0" bev="0" fileid="2" />
                <SequencePoint vc="4" uspid="15" ordinal="0" offset="1" sl="24" sc="13" el="24" ec="13" bec="0" bev="0" fileid="2" />
                <SequencePoint vc="4" uspid="16" ordinal="0" offset="12" sl="25" sc="13" el="25" ec="13" bec="0" bev="0" fileid="2" />
                <SequencePoint vc="4" uspid="17" ordinal="0" offset="19" sl="26" sc="9" el="26" ec="9" bec="0" bev="0" fileid="2" />
              </SequencePoints>
              <BranchPoints />
            </Method>
            <Method visited="true" cyclomaticComplexity="0" nPathComplexity="0" sequenceCoverage="100.0" branchCoverage="0" crapScore="0" isConstructor="false" isStatic="false" isGetter="false" isSetter="false">
              <Summary numSequencePoints="3" visitedSequencePoints="3" numBranchPoints="0" visitedBranchPoints="0" sequenceCoverage="100.0" branchCoverage="0" maxCyclomaticComplexity="0" minCyclomaticComplexity="0" maxCrapScore="0" minCrapScore="0" visitedClasses="0" numClasses="0" visitedMethods="1" numMethods="1" />
              <MetadataToken>100663308</MetadataToken>
              <Name>System.Void Tests.LoginTester::TearDown()</Name>
              <FileRef uid="2" />
              <SequencePoints>
                <SequencePoint vc="4" uspid="18" ordinal="0" offset="0" sl="30" sc="9" el="30" ec="9" bec="0" bev="0" fileid="2" />
                <SequencePoint vc="4" uspid="19" ordinal="0" offset="1" sl="31" sc="13" el="31" ec="13" bec="0" bev="0" fileid="2" />
                <SequencePoint vc="4" uspid="20" ordinal="0" offset="12" sl="32" sc="9" el="32" ec="9" bec="0" bev="0" fileid="2" />
              </SequencePoints>
              <BranchPoints />
            </Method>
            <Method visited="true" cyclomaticComplexity="0" nPathComplexity="0" sequenceCoverage="100.0" branchCoverage="0" crapScore="0" isConstructor="false" isStatic="false" isGetter="false" isSetter="false">
              <Summary numSequencePoints="5" visitedSequencePoints="5" numBranchPoints="0" visitedBranchPoints="0" sequenceCoverage="100.0" branchCoverage="0" maxCyclomaticComplexity="0" minCyclomaticComplexity="0" maxCrapScore="0" minCrapScore="0" visitedClasses="0" numClasses="0" visitedMethods="1" numMethods="1" />
              <MetadataToken>100663313</MetadataToken>
              <Name>System.Void Tests.LoginTester::TestLogin(StartMenuManager, System.String, System.String)</Name>
              <FileRef uid="2" />
              <SequencePoints>
                <SequencePoint vc="22" uspid="21" ordinal="0" offset="0" sl="213" sc="9" el="213" ec="9" bec="0" bev="0" fileid="2" />
                <SequencePoint vc="22" uspid="22" ordinal="0" offset="1" sl="214" sc="13" el="214" ec="13" bec="0" bev="0" fileid="2" />
                <SequencePoint vc="22" uspid="23" ordinal="0" offset="14" sl="215" sc="13" el="215" ec="13" bec="0" bev="0" fileid="2" />
                <SequencePoint vc="22" uspid="24" ordinal="0" offset="27" sl="217" sc="13" el="217" ec="13" bec="0" bev="0" fileid="2" />
                <SequencePoint vc="22" uspid="25" ordinal="0" offset="35" sl="218" sc="9" el="218" ec="9" bec="0" bev="0" fileid="2" />
              </SequencePoints>
              <BranchPoints />
            </Method>
            <Method visited="true" cyclomaticComplexity="0" nPathComplexity="0" sequenceCoverage="100.0" branchCoverage="0" crapScore="0" isConstructor="false" isStatic="false" isGetter="false" isSetter="false">
              <Summary numSequencePoints="6" visitedSequencePoints="6" numBranchPoints="0" visitedBranchPoints="0" sequenceCoverage="100.0" branchCoverage="0" maxCyclomaticComplexity="0" minCyclomaticComplexity="0" maxCrapScore="0" minCrapScore="0" visitedClasses="0" numClasses="0" visitedMethods="1" numMethods="1" />
              <MetadataToken>100663314</MetadataToken>
              <Name>System.Void Tests.LoginTester::Register(StartMenuManager, System.String, System.String, System.String)</Name>
              <FileRef uid="2" />
              <SequencePoints>
                <SequencePoint vc="11" uspid="26" ordinal="0" offset="0" sl="221" sc="9" el="221" ec="9" bec="0" bev="0" fileid="2" />
                <SequencePoint vc="11" uspid="27" ordinal="0" offset="1" sl="222" sc="13" el="222" ec="13" bec="0" bev="0" fileid="2" />
                <SequencePoint vc="11" uspid="28" ordinal="0" offset="14" sl="223" sc="13" el="223" ec="13" bec="0" bev="0" fileid="2" />
                <SequencePoint vc="11" uspid="29" ordinal="0" offset="27" sl="224" sc="13" el="224" ec="13" bec="0" bev="0" fileid="2" />
                <SequencePoint vc="11" uspid="30" ordinal="0" offset="41" sl="226" sc="13" el="226" ec="13" bec="0" bev="0" fileid="2" />
                <SequencePoint vc="11" uspid="31" ordinal="0" offset="48" sl="227" sc="9" el="227" ec="9" bec="0" bev="0" fileid="2" />
              </SequencePoints>
              <BranchPoints />
            </Method>
          </Methods>
        </Class>
        <Class>
          <Summary numSequencePoints="11" visitedSequencePoints="11" numBranchPoints="0" visitedBranchPoints="0" sequenceCoverage="100.0" branchCoverage="0.0" maxCyclomaticComplexity="0" minCyclomaticComplexity="0" maxCrapScore="0" minCrapScore="0" visitedClasses="1" numClasses="1" visitedMethods="4" numMethods="4" />
          <FullName>Tests.RecipeTester</FullName>
          <Methods>
            <Method visited="true" cyclomaticComplexity="0" nPathComplexity="0" sequenceCoverage="100.0" branchCoverage="0" crapScore="0" isConstructor="false" isStatic="false" isGetter="false" isSetter="false">
              <Summary numSequencePoints="4" visitedSequencePoints="4" numBranchPoints="0" visitedBranchPoints="0" sequenceCoverage="100.0" branchCoverage="0" maxCyclomaticComplexity="0" minCyclomaticComplexity="0" maxCrapScore="0" minCrapScore="0" visitedClasses="0" numClasses="0" visitedMethods="1" numMethods="1" />
              <MetadataToken>100663317</MetadataToken>
              <Name>System.Void Tests.RecipeTester::OneTimeSetup()</Name>
              <FileRef uid="3" />
              <SequencePoints>
                <SequencePoint vc="1" uspid="32" ordinal="0" offset="0" sl="16" sc="9" el="16" ec="9" bec="0" bev="0" fileid="3" />
                <SequencePoint vc="1" uspid="33" ordinal="0" offset="1" sl="17" sc="13" el="17" ec="13" bec="0" bev="0" fileid="3" />
                <SequencePoint vc="1" uspid="34" ordinal="0" offset="19" sl="18" sc="13" el="18" ec="13" bec="0" bev="0" fileid="3" />
                <SequencePoint vc="1" uspid="35" ordinal="0" offset="31" sl="19" sc="9" el="19" ec="9" bec="0" bev="0" fileid="3" />
              </SequencePoints>
              <BranchPoints />
            </Method>
            <Method visited="true" cyclomaticComplexity="0" nPathComplexity="0" sequenceCoverage="100.0" branchCoverage="0" crapScore="0" isConstructor="false" isStatic="false" isGetter="false" isSetter="false">
              <Summary numSequencePoints="5" visitedSequencePoints="5" numBranchPoints="0" visitedBranchPoints="0" sequenceCoverage="100.0" branchCoverage="0" maxCyclomaticComplexity="0" minCyclomaticComplexity="0" maxCrapScore="0" minCrapScore="0" visitedClasses="0" numClasses="0" visitedMethods="1" numMethods="1" />
              <MetadataToken>100663318</MetadataToken>
              <Name>System.Void Tests.RecipeTester::OnSceneLoaded(UnityEngine.SceneManagement.Scene, UnityEngine.SceneManagement.LoadSceneMode)</Name>
              <FileRef uid="3" />
              <SequencePoints>
                <SequencePoint vc="3" uspid="36" ordinal="0" offset="0" sl="22" sc="9" el="22" ec="9" bec="0" bev="0" fileid="3" />
                <SequencePoint vc="3" uspid="37" ordinal="0" offset="1" sl="23" sc="13" el="23" ec="13" bec="0" bev="0" fileid="3" />
                <SequencePoint vc="3" uspid="38" ordinal="0" offset="8" sl="24" sc="13" el="24" ec="13" bec="0" bev="0" fileid="3" />
                <SequencePoint vc="3" uspid="39" ordinal="0" offset="19" sl="25" sc="13" el="25" ec="13" bec="0" bev="0" fileid="3" />
                <SequencePoint vc="3" uspid="40" ordinal="0" offset="36" sl="26" sc="9" el="26" ec="9" bec="0" bev="0" fileid="3" />
              </SequencePoints>
              <BranchPoints />
            </Method>
            <Method visited="true" cyclomaticComplexity="0" nPathComplexity="0" sequenceCoverage="100.0" branchCoverage="0" crapScore="0" isConstructor="false" isStatic="false" isGetter="false" isSetter="false">
              <Summary numSequencePoints="1" visitedSequencePoints="1" numBranchPoints="0" visitedBranchPoints="0" sequenceCoverage="100.0" branchCoverage="0" maxCyclomaticComplexity="0" minCyclomaticComplexity="0" maxCrapScore="0" minCrapScore="0" visitedClasses="0" numClasses="0" visitedMethods="1" numMethods="1" />
              <MetadataToken>100663323</MetadataToken>
              <Name>System.Boolean Tests.RecipeTester::&lt;서버통신불량_레시피_자세한_정보_불러오기&gt;b__3_0()</Name>
              <FileRef uid="3" />
              <SequencePoints>
                <SequencePoint vc="1" uspid="41" ordinal="0" offset="0" sl="31" sc="46" el="31" ec="46" bec="0" bev="0" fileid="3" />
              </SequencePoints>
              <BranchPoints />
            </Method>
            <Method visited="true" cyclomaticComplexity="0" nPathComplexity="0" sequenceCoverage="100.0" branchCoverage="0" crapScore="0" isConstructor="false" isStatic="false" isGetter="false" isSetter="false">
              <Summary numSequencePoints="1" visitedSequencePoints="1" numBranchPoints="0" visitedBranchPoints="0" sequenceCoverage="100.0" branchCoverage="0" maxCyclomaticComplexity="0" minCyclomaticComplexity="0" maxCrapScore="0" minCrapScore="0" visitedClasses="0" numClasses="0" visitedMethods="1" numMethods="1" />
              <MetadataToken>100663324</MetadataToken>
              <Name>System.Boolean Tests.RecipeTester::&lt;레시피_자세한_정보_불러오기&gt;b__4_0()</Name>
              <FileRef uid="3" />
              <SequencePoints>
                <SequencePoint vc="1" uspid="42" ordinal="0" offset="0" sl="63" sc="46" el="63" ec="46" bec="0" bev="0" fileid="3" />
              </SequencePoints>
              <BranchPoints />
            </Method>
          </Methods>
        </Class>
        <Class>
          <Summary numSequencePoints="14" visitedSequencePoints="14" numBranchPoints="0" visitedBranchPoints="0" sequenceCoverage="100.0" branchCoverage="0.0" maxCyclomaticComplexity="0" minCyclomaticComplexity="0" maxCrapScore="0" minCrapScore="0" visitedClasses="1" numClasses="1" visitedMethods="3" numMethods="3" />
          <FullName>Tests.RegisterTester</FullName>
          <Methods>
            <Method visited="true" cyclomaticComplexity="0" nPathComplexity="0" sequenceCoverage="100.0" branchCoverage="0" crapScore="0" isConstructor="false" isStatic="false" isGetter="false" isSetter="false">
              <Summary numSequencePoints="4" visitedSequencePoints="4" numBranchPoints="0" visitedBranchPoints="0" sequenceCoverage="100.0" branchCoverage="0" maxCyclomaticComplexity="0" minCyclomaticComplexity="0" maxCrapScore="0" minCrapScore="0" visitedClasses="0" numClasses="0" visitedMethods="1" numMethods="1" />
              <MetadataToken>100663325</MetadataToken>
              <Name>System.Void Tests.RegisterTester::OneTimeSetup()</Name>
              <FileRef uid="4" />
              <SequencePoints>
                <SequencePoint vc="1" uspid="43" ordinal="0" offset="0" sl="17" sc="9" el="17" ec="9" bec="0" bev="0" fileid="4" />
                <SequencePoint vc="1" uspid="44" ordinal="0" offset="1" sl="18" sc="13" el="18" ec="13" bec="0" bev="0" fileid="4" />
                <SequencePoint vc="1" uspid="45" ordinal="0" offset="19" sl="19" sc="13" el="19" ec="13" bec="0" bev="0" fileid="4" />
                <SequencePoint vc="1" uspid="46" ordinal="0" offset="31" sl="20" sc="9" el="20" ec="9" bec="0" bev="0" fileid="4" />
              </SequencePoints>
              <BranchPoints />
            </Method>
            <Method visited="true" cyclomaticComplexity="0" nPathComplexity="0" sequenceCoverage="100.0" branchCoverage="0" crapScore="0" isConstructor="false" isStatic="false" isGetter="false" isSetter="false">
              <Summary numSequencePoints="4" visitedSequencePoints="4" numBranchPoints="0" visitedBranchPoints="0" sequenceCoverage="100.0" branchCoverage="0" maxCyclomaticComplexity="0" minCyclomaticComplexity="0" maxCrapScore="0" minCrapScore="0" visitedClasses="0" numClasses="0" visitedMethods="1" numMethods="1" />
              <MetadataToken>100663326</MetadataToken>
              <Name>System.Void Tests.RegisterTester::OnSceneLoaded(UnityEngine.SceneManagement.Scene, UnityEngine.SceneManagement.LoadSceneMode)</Name>
              <FileRef uid="4" />
              <SequencePoints>
                <SequencePoint vc="2" uspid="47" ordinal="0" offset="0" sl="23" sc="9" el="23" ec="9" bec="0" bev="0" fileid="4" />
                <SequencePoint vc="2" uspid="48" ordinal="0" offset="1" sl="24" sc="13" el="24" ec="13" bec="0" bev="0" fileid="4" />
                <SequencePoint vc="2" uspid="49" ordinal="0" offset="12" sl="25" sc="13" el="25" ec="13" bec="0" bev="0" fileid="4" />
                <SequencePoint vc="2" uspid="50" ordinal="0" offset="19" sl="26" sc="9" el="26" ec="9" bec="0" bev="0" fileid="4" />
              </SequencePoints>
              <BranchPoints />
            </Method>
            <Method visited="true" cyclomaticComplexity="0" nPathComplexity="0" sequenceCoverage="100.0" branchCoverage="0" crapScore="0" isConstructor="false" isStatic="false" isGetter="false" isSetter="false">
              <Summary numSequencePoints="6" visitedSequencePoints="6" numBranchPoints="0" visitedBranchPoints="0" sequenceCoverage="100.0" branchCoverage="0" maxCyclomaticComplexity="0" minCyclomaticComplexity="0" maxCrapScore="0" minCrapScore="0" visitedClasses="0" numClasses="0" visitedMethods="1" numMethods="1" />
              <MetadataToken>100663334</MetadataToken>
              <Name>System.Void Tests.RegisterTester::TestRegister(StartMenuManager, System.String, System.String, System.String)</Name>
              <FileRef uid="4" />
              <SequencePoints>
                <SequencePoint vc="40" uspid="51" ordinal="0" offset="0" sl="274" sc="9" el="274" ec="9" bec="0" bev="0" fileid="4" />
                <SequencePoint vc="40" uspid="52" ordinal="0" offset="1" sl="275" sc="13" el="275" ec="13" bec="0" bev="0" fileid="4" />
                <SequencePoint vc="40" uspid="53" ordinal="0" offset="14" sl="276" sc="13" el="276" ec="13" bec="0" bev="0" fileid="4" />
                <SequencePoint vc="40" uspid="54" ordinal="0" offset="27" sl="277" sc="13" el="277" ec="13" bec="0" bev="0" fileid="4" />
                <SequencePoint vc="40" uspid="55" ordinal="0" offset="41" sl="279" sc="13" el="279" ec="13" bec="0" bev="0" fileid="4" />
                <SequencePoint vc="40" uspid="56" ordinal="0" offset="48" sl="280" sc="9" el="280" ec="9" bec="0" bev="0" fileid="4" />
              </SequencePoints>
              <BranchPoints />
            </Method>
          </Methods>
        </Class>
        <Class>
          <Summary numSequencePoints="16" visitedSequencePoints="16" numBranchPoints="0" visitedBranchPoints="0" sequenceCoverage="100.0" branchCoverage="0.0" maxCyclomaticComplexity="0" minCyclomaticComplexity="0" maxCrapScore="0" minCrapScore="0" visitedClasses="1" numClasses="1" visitedMethods="9" numMethods="9" />
          <FullName>Tests.SearchTester</FullName>
          <Methods>
            <Method visited="true" cyclomaticComplexity="0" nPathComplexity="0" sequenceCoverage="100.0" branchCoverage="0" crapScore="0" isConstructor="false" isStatic="false" isGetter="false" isSetter="false">
              <Summary numSequencePoints="4" visitedSequencePoints="4" numBranchPoints="0" visitedBranchPoints="0" sequenceCoverage="100.0" branchCoverage="0" maxCyclomaticComplexity="0" minCyclomaticComplexity="0" maxCrapScore="0" minCrapScore="0" visitedClasses="0" numClasses="0" visitedMethods="1" numMethods="1" />
              <MetadataToken>100663336</MetadataToken>
              <Name>System.Void Tests.SearchTester::OneTimeSetup()</Name>
              <FileRef uid="5" />
              <SequencePoints>
                <SequencePoint vc="1" uspid="57" ordinal="0" offset="0" sl="16" sc="9" el="16" ec="9" bec="0" bev="0" fileid="5" />
                <SequencePoint vc="1" uspid="58" ordinal="0" offset="1" sl="17" sc="13" el="17" ec="13" bec="0" bev="0" fileid="5" />
                <SequencePoint vc="1" uspid="59" ordinal="0" offset="19" sl="18" sc="13" el="18" ec="13" bec="0" bev="0" fileid="5" />
                <SequencePoint vc="1" uspid="60" ordinal="0" offset="31" sl="19" sc="9" el="19" ec="9" bec="0" bev="0" fileid="5" />
              </SequencePoints>
              <BranchPoints />
            </Method>
            <Method visited="true" cyclomaticComplexity="0" nPathComplexity="0" sequenceCoverage="100.0" branchCoverage="0" crapScore="0" isConstructor="false" isStatic="false" isGetter="false" isSetter="false">
              <Summary numSequencePoints="5" visitedSequencePoints="5" numBranchPoints="0" visitedBranchPoints="0" sequenceCoverage="100.0" branchCoverage="0" maxCyclomaticComplexity="0" minCyclomaticComplexity="0" maxCrapScore="0" minCrapScore="0" visitedClasses="0" numClasses="0" visitedMethods="1" numMethods="1" />
              <MetadataToken>100663337</MetadataToken>
              <Name>System.Void Tests.SearchTester::OnSceneLoaded(UnityEngine.SceneManagement.Scene, UnityEngine.SceneManagement.LoadSceneMode)</Name>
              <FileRef uid="5" />
              <SequencePoints>
                <SequencePoint vc="1" uspid="61" ordinal="0" offset="0" sl="22" sc="9" el="22" ec="9" bec="0" bev="0" fileid="5" />
                <SequencePoint vc="1" uspid="62" ordinal="0" offset="1" sl="23" sc="13" el="23" ec="13" bec="0" bev="0" fileid="5" />
                <SequencePoint vc="1" uspid="63" ordinal="0" offset="8" sl="24" sc="13" el="24" ec="13" bec="0" bev="0" fileid="5" />
                <SequencePoint vc="1" uspid="64" ordinal="0" offset="19" sl="25" sc="13" el="25" ec="13" bec="0" bev="0" fileid="5" />
                <SequencePoint vc="1" uspid="65" ordinal="0" offset="36" sl="27" sc="9" el="27" ec="9" bec="0" bev="0" fileid="5" />
              </SequencePoints>
              <BranchPoints />
            </Method>
            <Method visited="true" cyclomaticComplexity="0" nPathComplexity="0" sequenceCoverage="100.0" branchCoverage="0" crapScore="0" isConstructor="false" isStatic="false" isGetter="false" isSetter="false">
              <Summary numSequencePoints="1" visitedSequencePoints="1" numBranchPoints="0" visitedBranchPoints="0" sequenceCoverage="100.0" branchCoverage="0" maxCyclomaticComplexity="0" minCyclomaticComplexity="0" maxCrapScore="0" minCrapScore="0" visitedClasses="0" numClasses="0" visitedMethods="1" numMethods="1" />
              <MetadataToken>100663347</MetadataToken>
              <Name>System.Boolean Tests.SearchTester::&lt;서버통신불량_검색_테스트&gt;b__3_0()</Name>
              <FileRef uid="5" />
              <SequencePoints>
                <SequencePoint vc="1" uspid="66" ordinal="0" offset="0" sl="32" sc="46" el="32" ec="46" bec="0" bev="0" fileid="5" />
              </SequencePoints>
              <BranchPoints />
            </Method>
            <Method visited="true" cyclomaticComplexity="0" nPathComplexity="0" sequenceCoverage="100.0" branchCoverage="0" crapScore="0" isConstructor="false" isStatic="false" isGetter="false" isSetter="false">
              <Summary numSequencePoints="1" visitedSequencePoints="1" numBranchPoints="0" visitedBranchPoints="0" sequenceCoverage="100.0" branchCoverage="0" maxCyclomaticComplexity="0" minCyclomaticComplexity="0" maxCrapScore="0" minCrapScore="0" visitedClasses="0" numClasses="0" visitedMethods="1" numMethods="1" />
              <MetadataToken>100663348</MetadataToken>
              <Name>System.Boolean Tests.SearchTester::&lt;정상_검색어_입력_테스트_옵션_레시피명&gt;b__4_0()</Name>
              <FileRef uid="5" />
              <SequencePoints>
                <SequencePoint vc="1" uspid="67" ordinal="0" offset="0" sl="59" sc="46" el="59" ec="46" bec="0" bev="0" fileid="5" />
              </SequencePoints>
              <BranchPoints />
            </Method>
            <Method visited="true" cyclomaticComplexity="0" nPathComplexity="0" sequenceCoverage="100.0" branchCoverage="0" crapScore="0" isConstructor="false" isStatic="false" isGetter="false" isSetter="false">
              <Summary numSequencePoints="1" visitedSequencePoints="1" numBranchPoints="0" visitedBranchPoints="0" sequenceCoverage="100.0" branchCoverage="0" maxCyclomaticComplexity="0" minCyclomaticComplexity="0" maxCrapScore="0" minCrapScore="0" visitedClasses="0" numClasses="0" visitedMethods="1" numMethods="1" />
              <MetadataToken>100663349</MetadataToken>
              <Name>System.Boolean Tests.SearchTester::&lt;정상_검색어_입력_테스트_옵션_난이도&gt;b__5_0()</Name>
              <FileRef uid="5" />
              <SequencePoints>
                <SequencePoint vc="1" uspid="68" ordinal="0" offset="0" sl="82" sc="46" el="82" ec="46" bec="0" bev="0" fileid="5" />
              </SequencePoints>
              <BranchPoints />
            </Method>
            <Method visited="true" cyclomaticComplexity="0" nPathComplexity="0" sequenceCoverage="100.0" branchCoverage="0" crapScore="0" isConstructor="false" isStatic="false" isGetter="false" isSetter="false">
              <Summary numSequencePoints="1" visitedSequencePoints="1" numBranchPoints="0" visitedBranchPoints="0" sequenceCoverage="100.0" branchCoverage="0" maxCyclomaticComplexity="0" minCyclomaticComplexity="0" maxCrapScore="0" minCrapScore="0" visitedClasses="0" numClasses="0" visitedMethods="1" numMethods="1" />
              <MetadataToken>100663350</MetadataToken>
              <Name>System.Boolean Tests.SearchTester::&lt;정상_검색어_입력_테스트_옵션_재료&gt;b__6_0()</Name>
              <FileRef uid="5" />
              <SequencePoints>
                <SequencePoint vc="1" uspid="69" ordinal="0" offset="0" sl="105" sc="46" el="105" ec="46" bec="0" bev="0" fileid="5" />
              </SequencePoints>
              <BranchPoints />
            </Method>
            <Method visited="true" cyclomaticComplexity="0" nPathComplexity="0" sequenceCoverage="100.0" branchCoverage="0" crapScore="0" isConstructor="false" isStatic="false" isGetter="false" isSetter="false">
              <Summary numSequencePoints="1" visitedSequencePoints="1" numBranchPoints="0" visitedBranchPoints="0" sequenceCoverage="100.0" branchCoverage="0" maxCyclomaticComplexity="0" minCyclomaticComplexity="0" maxCrapScore="0" minCrapScore="0" visitedClasses="0" numClasses="0" visitedMethods="1" numMethods="1" />
              <MetadataToken>100663351</MetadataToken>
              <Name>System.Boolean Tests.SearchTester::&lt;비정상_검색어_입력_테스트_옵션_레시피명&gt;b__7_0()</Name>
              <FileRef uid="5" />
              <SequencePoints>
                <SequencePoint vc="1" uspid="70" ordinal="0" offset="0" sl="128" sc="46" el="128" ec="46" bec="0" bev="0" fileid="5" />
              </SequencePoints>
              <BranchPoints />
            </Method>
            <Method visited="true" cyclomaticComplexity="0" nPathComplexity="0" sequenceCoverage="100.0" branchCoverage="0" crapScore="0" isConstructor="false" isStatic="false" isGetter="false" isSetter="false">
              <Summary numSequencePoints="1" visitedSequencePoints="1" numBranchPoints="0" visitedBranchPoints="0" sequenceCoverage="100.0" branchCoverage="0" maxCyclomaticComplexity="0" minCyclomaticComplexity="0" maxCrapScore="0" minCrapScore="0" visitedClasses="0" numClasses="0" visitedMethods="1" numMethods="1" />
              <MetadataToken>100663352</MetadataToken>
              <Name>System.Boolean Tests.SearchTester::&lt;비정상_검색어_입력_테스트_옵션_난이도명&gt;b__8_0()</Name>
              <FileRef uid="5" />
              <SequencePoints>
                <SequencePoint vc="1" uspid="71" ordinal="0" offset="0" sl="172" sc="46" el="172" ec="46" bec="0" bev="0" fileid="5" />
              </SequencePoints>
              <BranchPoints />
            </Method>
            <Method visited="true" cyclomaticComplexity="0" nPathComplexity="0" sequenceCoverage="100.0" branchCoverage="0" crapScore="0" isConstructor="false" isStatic="false" isGetter="false" isSetter="false">
              <Summary numSequencePoints="1" visitedSequencePoints="1" numBranchPoints="0" visitedBranchPoints="0" sequenceCoverage="100.0" branchCoverage="0" maxCyclomaticComplexity="0" minCyclomaticComplexity="0" maxCrapScore="0" minCrapScore="0" visitedClasses="0" numClasses="0" visitedMethods="1" numMethods="1" />
              <MetadataToken>100663353</MetadataToken>
              <Name>System.Boolean Tests.SearchTester::&lt;비정상_검색어_입력_테스트_옵션_재료명&gt;b__9_0()</Name>
              <FileRef uid="5" />
              <SequencePoints>
                <SequencePoint vc="1" uspid="72" ordinal="0" offset="0" sl="214" sc="46" el="214" ec="46" bec="0" bev="0" fileid="5" />
              </SequencePoints>
              <BranchPoints />
            </Method>
          </Methods>
        </Class>
        <Class>
          <Summary numSequencePoints="6" visitedSequencePoints="6" numBranchPoints="0" visitedBranchPoints="0" sequenceCoverage="100.0" branchCoverage="0.0" maxCyclomaticComplexity="0" minCyclomaticComplexity="0" maxCrapScore="0" minCrapScore="0" visitedClasses="1" numClasses="1" visitedMethods="6" numMethods="6" />
          <FullName>Tests.HistoryTester/&lt;&gt;c__DisplayClass3_0</FullName>
          <Methods>
            <Method visited="true" cyclomaticComplexity="0" nPathComplexity="0" sequenceCoverage="100.0" branchCoverage="0" crapScore="0" isConstructor="false" isStatic="false" isGetter="false" isSetter="false">
              <Summary numSequencePoints="1" visitedSequencePoints="1" numBranchPoints="0" visitedBranchPoints="0" sequenceCoverage="100.0" branchCoverage="0" maxCyclomaticComplexity="0" minCyclomaticComplexity="0" maxCrapScore="0" minCrapScore="0" visitedClasses="0" numClasses="0" visitedMethods="1" numMethods="1" />
              <MetadataToken>100663355</MetadataToken>
              <Name>System.Boolean Tests.HistoryTester/&lt;&gt;c__DisplayClass3_0::&lt;열람기록_저장_테스트&gt;b__0()</Name>
              <FileRef uid="1" />
              <SequencePoints>
                <SequencePoint vc="1" uspid="73" ordinal="0" offset="0" sl="31" sc="46" el="31" ec="46" bec="0" bev="0" fileid="1" />
              </SequencePoints>
              <BranchPoints />
            </Method>
            <Method visited="true" cyclomaticComplexity="0" nPathComplexity="0" sequenceCoverage="100.0" branchCoverage="0" crapScore="0" isConstructor="false" isStatic="false" isGetter="false" isSetter="false">
              <Summary numSequencePoints="1" visitedSequencePoints="1" numBranchPoints="0" visitedBranchPoints="0" sequenceCoverage="100.0" branchCoverage="0" maxCyclomaticComplexity="0" minCyclomaticComplexity="0" maxCrapScore="0" minCrapScore="0" visitedClasses="0" numClasses="0" visitedMethods="1" numMethods="1" />
              <MetadataToken>100663356</MetadataToken>
              <Name>System.Boolean Tests.HistoryTester/&lt;&gt;c__DisplayClass3_0::&lt;열람기록_저장_테스트&gt;b__1()</Name>
              <FileRef uid="1" />
              <SequencePoints>
                <SequencePoint vc="1" uspid="74" ordinal="0" offset="0" sl="33" sc="46" el="33" ec="46" bec="0" bev="0" fileid="1" />
              </SequencePoints>
              <BranchPoints />
            </Method>
            <Method visited="true" cyclomaticComplexity="0" nPathComplexity="0" sequenceCoverage="100.0" branchCoverage="0" crapScore="0" isConstructor="false" isStatic="false" isGetter="false" isSetter="false">
              <Summary numSequencePoints="1" visitedSequencePoints="1" numBranchPoints="0" visitedBranchPoints="0" sequenceCoverage="100.0" branchCoverage="0" maxCyclomaticComplexity="0" minCyclomaticComplexity="0" maxCrapScore="0" minCrapScore="0" visitedClasses="0" numClasses="0" visitedMethods="1" numMethods="1" />
              <MetadataToken>100663357</MetadataToken>
              <Name>System.Boolean Tests.HistoryTester/&lt;&gt;c__DisplayClass3_0::&lt;열람기록_저장_테스트&gt;b__2()</Name>
              <FileRef uid="1" />
              <SequencePoints>
                <SequencePoint vc="5" uspid="75" ordinal="0" offset="0" sl="36" sc="46" el="36" ec="46" bec="0" bev="0" fileid="1" />
              </SequencePoints>
              <BranchPoints />
            </Method>
            <Method visited="true" cyclomaticComplexity="0" nPathComplexity="0" sequenceCoverage="100.0" branchCoverage="0" crapScore="0" isConstructor="false" isStatic="false" isGetter="false" isSetter="false">
              <Summary numSequencePoints="1" visitedSequencePoints="1" numBranchPoints="0" visitedBranchPoints="0" sequenceCoverage="100.0" branchCoverage="0" maxCyclomaticComplexity="0" minCyclomaticComplexity="0" maxCrapScore="0" minCrapScore="0" visitedClasses="0" numClasses="0" visitedMethods="1" numMethods="1" />
              <MetadataToken>100663358</MetadataToken>
              <Name>System.Boolean Tests.HistoryTester/&lt;&gt;c__DisplayClass3_0::&lt;열람기록_저장_테스트&gt;b__3()</Name>
              <FileRef uid="1" />
              <SequencePoints>
                <SequencePoint vc="5" uspid="76" ordinal="0" offset="0" sl="40" sc="46" el="40" ec="46" bec="0" bev="0" fileid="1" />
              </SequencePoints>
              <BranchPoints />
            </Method>
            <Method visited="true" cyclomaticComplexity="0" nPathComplexity="0" sequenceCoverage="100.0" branchCoverage="0" crapScore="0" isConstructor="false" isStatic="false" isGetter="false" isSetter="false">
              <Summary numSequencePoints="1" visitedSequencePoints="1" numBranchPoints="0" visitedBranchPoints="0" sequenceCoverage="100.0" branchCoverage="0" maxCyclomaticComplexity="0" minCyclomaticComplexity="0" maxCrapScore="0" minCrapScore="0" visitedClasses="0" numClasses="0" visitedMethods="1" numMethods="1" />
              <MetadataToken>100663359</MetadataToken>
              <Name>System.Boolean Tests.HistoryTester/&lt;&gt;c__DisplayClass3_0::&lt;열람기록_저장_테스트&gt;b__4()</Name>
              <FileRef uid="1" />
              <SequencePoints>
                <SequencePoint vc="5" uspid="77" ordinal="0" offset="0" sl="44" sc="46" el="44" ec="46" bec="0" bev="0" fileid="1" />
              </SequencePoints>
              <BranchPoints />
            </Method>
            <Method visited="true" cyclomaticComplexity="0" nPathComplexity="0" sequenceCoverage="100.0" branchCoverage="0" crapScore="0" isConstructor="false" isStatic="false" isGetter="false" isSetter="false">
              <Summary numSequencePoints="1" visitedSequencePoints="1" numBranchPoints="0" visitedBranchPoints="0" sequenceCoverage="100.0" branchCoverage="0" maxCyclomaticComplexity="0" minCyclomaticComplexity="0" maxCrapScore="0" minCrapScore="0" visitedClasses="0" numClasses="0" visitedMethods="1" numMethods="1" />
              <MetadataToken>100663360</MetadataToken>
              <Name>System.Boolean Tests.HistoryTester/&lt;&gt;c__DisplayClass3_0::&lt;열람기록_저장_테스트&gt;b__5()</Name>
              <FileRef uid="1" />
              <SequencePoints>
                <SequencePoint vc="6" uspid="78" ordinal="0" offset="0" sl="48" sc="46" el="48" ec="46" bec="0" bev="0" fileid="1" />
              </SequencePoints>
              <BranchPoints />
            </Method>
          </Methods>
        </Class>
        <Class>
          <Summary numSequencePoints="18" visitedSequencePoints="18" numBranchPoints="0" visitedBranchPoints="0" sequenceCoverage="100.0" branchCoverage="0.0" maxCyclomaticComplexity="0" minCyclomaticComplexity="0" maxCrapScore="0" minCrapScore="0" visitedClasses="1" numClasses="1" visitedMethods="1" numMethods="1" />
          <FullName>Tests.HistoryTester/&lt;열람기록_저장_테스트&gt;d__3</FullName>
          <Methods>
            <Method visited="true" cyclomaticComplexity="0" nPathComplexity="0" sequenceCoverage="100.0" branchCoverage="0" crapScore="0" isConstructor="false" isStatic="false" isGetter="false" isSetter="false">
              <Summary numSequencePoints="18" visitedSequencePoints="18" numBranchPoints="0" visitedBranchPoints="0" sequenceCoverage="100.0" branchCoverage="0" maxCyclomaticComplexity="0" minCyclomaticComplexity="0" maxCrapScore="0" minCrapScore="0" visitedClasses="0" numClasses="0" visitedMethods="1" numMethods="1" />
              <MetadataToken>100663363</MetadataToken>
              <Name>System.Boolean Tests.HistoryTester/&lt;열람기록_저장_테스트&gt;d__3::MoveNext()</Name>
              <FileRef uid="1" />
              <SequencePoints>
                <SequencePoint vc="1" uspid="79" ordinal="0" offset="118" sl="30" sc="9" el="30" ec="9" bec="0" bev="0" fileid="1" />
                <SequencePoint vc="1" uspid="80" ordinal="0" offset="119" sl="31" sc="13" el="31" ec="13" bec="0" bev="0" fileid="1" />
                <SequencePoint vc="1" uspid="81" ordinal="0" offset="163" sl="32" sc="13" el="32" ec="13" bec="0" bev="0" fileid="1" />
                <SequencePoint vc="1" uspid="82" ordinal="0" offset="179" sl="33" sc="13" el="33" ec="13" bec="0" bev="0" fileid="1" />
                <SequencePoint vc="1" uspid="83" ordinal="0" offset="223" sl="35" sc="13" el="35" ec="13" bec="0" bev="0" fileid="1" />
                <SequencePoint vc="1" uspid="84" ordinal="0" offset="245" sl="36" sc="13" el="36" ec="13" bec="0" bev="0" fileid="1" />
                <SequencePoint vc="1" uspid="85" ordinal="0" offset="289" sl="37" sc="13" el="37" ec="13" bec="0" bev="0" fileid="1" />
                <SequencePoint vc="1" uspid="86" ordinal="0" offset="316" sl="39" sc="13" el="39" ec="13" bec="0" bev="0" fileid="1" />
                <SequencePoint vc="1" uspid="87" ordinal="0" offset="338" sl="40" sc="13" el="40" ec="13" bec="0" bev="0" fileid="1" />
                <SequencePoint vc="1" uspid="88" ordinal="0" offset="382" sl="41" sc="13" el="41" ec="13" bec="0" bev="0" fileid="1" />
                <SequencePoint vc="1" uspid="89" ordinal="0" offset="409" sl="43" sc="13" el="43" ec="13" bec="0" bev="0" fileid="1" />
                <SequencePoint vc="1" uspid="90" ordinal="0" offset="431" sl="44" sc="13" el="44" ec="13" bec="0" bev="0" fileid="1" />
                <SequencePoint vc="1" uspid="91" ordinal="0" offset="475" sl="45" sc="13" el="45" ec="13" bec="0" bev="0" fileid="1" />
                <SequencePoint vc="1" uspid="92" ordinal="0" offset="502" sl="47" sc="13" el="47" ec="13" bec="0" bev="0" fileid="1" />
                <SequencePoint vc="1" uspid="93" ordinal="0" offset="534" sl="48" sc="13" el="48" ec="13" bec="0" bev="0" fileid="1" />
                <SequencePoint vc="1" uspid="94" ordinal="0" offset="578" sl="49" sc="13" el="49" ec="13" bec="0" bev="0" fileid="1" />
                <SequencePoint vc="1" uspid="95" ordinal="0" offset="605" sl="51" sc="13" el="51" ec="13" bec="0" bev="0" fileid="1" />
                <SequencePoint vc="1" uspid="96" ordinal="0" offset="628" sl="52" sc="9" el="52" ec="9" bec="0" bev="0" fileid="1" />
              </SequencePoints>
              <BranchPoints />
            </Method>
          </Methods>
        </Class>
        <Class>
          <Summary numSequencePoints="3" visitedSequencePoints="3" numBranchPoints="0" visitedBranchPoints="0" sequenceCoverage="100.0" branchCoverage="0.0" maxCyclomaticComplexity="0" minCyclomaticComplexity="0" maxCrapScore="0" minCrapScore="0" visitedClasses="1" numClasses="1" visitedMethods="3" numMethods="3" />
          <FullName>Tests.HistoryTester/&lt;&gt;c__DisplayClass4_0</FullName>
          <Methods>
            <Method visited="true" cyclomaticComplexity="0" nPathComplexity="0" sequenceCoverage="100.0" branchCoverage="0" crapScore="0" isConstructor="false" isStatic="false" isGetter="false" isSetter="false">
              <Summary numSequencePoints="1" visitedSequencePoints="1" numBranchPoints="0" visitedBranchPoints="0" sequenceCoverage="100.0" branchCoverage="0" maxCyclomaticComplexity="0" minCyclomaticComplexity="0" maxCrapScore="0" minCrapScore="0" visitedClasses="0" numClasses="0" visitedMethods="1" numMethods="1" />
              <MetadataToken>100663368</MetadataToken>
              <Name>System.Boolean Tests.HistoryTester/&lt;&gt;c__DisplayClass4_0::&lt;서버통신불량_열람기록_저장_테스트&gt;b__0()</Name>
              <FileRef uid="1" />
              <SequencePoints>
                <SequencePoint vc="1" uspid="97" ordinal="0" offset="0" sl="57" sc="46" el="57" ec="46" bec="0" bev="0" fileid="1" />
              </SequencePoints>
              <BranchPoints />
            </Method>
            <Method visited="true" cyclomaticComplexity="0" nPathComplexity="0" sequenceCoverage="100.0" branchCoverage="0" crapScore="0" isConstructor="false" isStatic="false" isGetter="false" isSetter="false">
              <Summary numSequencePoints="1" visitedSequencePoints="1" numBranchPoints="0" visitedBranchPoints="0" sequenceCoverage="100.0" branchCoverage="0" maxCyclomaticComplexity="0" minCyclomaticComplexity="0" maxCrapScore="0" minCrapScore="0" visitedClasses="0" numClasses="0" visitedMethods="1" numMethods="1" />
              <MetadataToken>100663369</MetadataToken>
              <Name>System.Boolean Tests.HistoryTester/&lt;&gt;c__DisplayClass4_0::&lt;서버통신불량_열람기록_저장_테스트&gt;b__1()</Name>
              <FileRef uid="1" />
              <SequencePoints>
                <SequencePoint vc="1" uspid="98" ordinal="0" offset="0" sl="59" sc="46" el="59" ec="46" bec="0" bev="0" fileid="1" />
              </SequencePoints>
              <BranchPoints />
            </Method>
            <Method visited="true" cyclomaticComplexity="0" nPathComplexity="0" sequenceCoverage="100.0" branchCoverage="0" crapScore="0" isConstructor="false" isStatic="false" isGetter="false" isSetter="false">
              <Summary numSequencePoints="1" visitedSequencePoints="1" numBranchPoints="0" visitedBranchPoints="0" sequenceCoverage="100.0" branchCoverage="0" maxCyclomaticComplexity="0" minCyclomaticComplexity="0" maxCrapScore="0" minCrapScore="0" visitedClasses="0" numClasses="0" visitedMethods="1" numMethods="1" />
              <MetadataToken>100663370</MetadataToken>
              <Name>System.Boolean Tests.HistoryTester/&lt;&gt;c__DisplayClass4_0::&lt;서버통신불량_열람기록_저장_테스트&gt;b__2()</Name>
              <FileRef uid="1" />
              <SequencePoints>
                <SequencePoint vc="736" uspid="99" ordinal="0" offset="0" sl="65" sc="46" el="65" ec="46" bec="0" bev="0" fileid="1" />
              </SequencePoints>
              <BranchPoints />
            </Method>
          </Methods>
        </Class>
        <Class>
          <Summary numSequencePoints="13" visitedSequencePoints="13" numBranchPoints="0" visitedBranchPoints="0" sequenceCoverage="100.0" branchCoverage="0.0" maxCyclomaticComplexity="0" minCyclomaticComplexity="0" maxCrapScore="0" minCrapScore="0" visitedClasses="1" numClasses="1" visitedMethods="1" numMethods="1" />
          <FullName>Tests.HistoryTester/&lt;서버통신불량_열람기록_저장_테스트&gt;d__4</FullName>
          <Methods>
            <Method visited="true" cyclomaticComplexity="0" nPathComplexity="0" sequenceCoverage="100.0" branchCoverage="0" crapScore="0" isConstructor="false" isStatic="false" isGetter="false" isSetter="false">
              <Summary numSequencePoints="13" visitedSequencePoints="13" numBranchPoints="0" visitedBranchPoints="0" sequenceCoverage="100.0" branchCoverage="0" maxCyclomaticComplexity="0" minCyclomaticComplexity="0" maxCrapScore="0" minCrapScore="0" visitedClasses="0" numClasses="0" visitedMethods="1" numMethods="1" />
              <MetadataToken>100663373</MetadataToken>
              <Name>System.Boolean Tests.HistoryTester/&lt;서버통신불량_열람기록_저장_테스트&gt;d__4::MoveNext()</Name>
              <FileRef uid="1" />
              <SequencePoints>
                <SequencePoint vc="1" uspid="100" ordinal="0" offset="91" sl="56" sc="9" el="56" ec="9" bec="0" bev="0" fileid="1" />
                <SequencePoint vc="1" uspid="101" ordinal="0" offset="92" sl="57" sc="13" el="57" ec="13" bec="0" bev="0" fileid="1" />
                <SequencePoint vc="1" uspid="102" ordinal="0" offset="136" sl="58" sc="13" el="58" ec="13" bec="0" bev="0" fileid="1" />
                <SequencePoint vc="1" uspid="103" ordinal="0" offset="152" sl="59" sc="13" el="59" ec="13" bec="0" bev="0" fileid="1" />
                <SequencePoint vc="1" uspid="104" ordinal="0" offset="196" sl="61" sc="13" el="61" ec="13" bec="0" bev="0" fileid="1" />
                <SequencePoint vc="1" uspid="105" ordinal="0" offset="218" sl="62" sc="13" el="62" ec="13" bec="0" bev="0" fileid="1" />
                <SequencePoint vc="1" uspid="106" ordinal="0" offset="239" sl="64" sc="13" el="64" ec="13" bec="0" bev="0" fileid="1" />
                <SequencePoint vc="1" uspid="107" ordinal="0" offset="261" sl="65" sc="13" el="65" ec="13" bec="0" bev="0" fileid="1" />
                <SequencePoint vc="1" uspid="108" ordinal="0" offset="305" sl="66" sc="13" el="66" ec="13" bec="0" bev="0" fileid="1" />
                <SequencePoint vc="1" uspid="109" ordinal="0" offset="332" sl="67" sc="13" el="67" ec="13" bec="0" bev="0" fileid="1" />
                <SequencePoint vc="1" uspid="110" ordinal="0" offset="364" sl="69" sc="13" el="69" ec="13" bec="0" bev="0" fileid="1" />
                <SequencePoint vc="1" uspid="111" ordinal="0" offset="386" sl="71" sc="13" el="71" ec="13" bec="0" bev="0" fileid="1" />
                <SequencePoint vc="1" uspid="112" ordinal="0" offset="409" sl="72" sc="9" el="72" ec="9" bec="0" bev="0" fileid="1" />
              </SequencePoints>
              <BranchPoints />
            </Method>
          </Methods>
        </Class>
        <Class>
          <Summary numSequencePoints="6" visitedSequencePoints="6" numBranchPoints="0" visitedBranchPoints="0" sequenceCoverage="100.0" branchCoverage="0.0" maxCyclomaticComplexity="0" minCyclomaticComplexity="0" maxCrapScore="0" minCrapScore="0" visitedClasses="1" numClasses="1" visitedMethods="6" numMethods="6" />
          <FullName>Tests.HistoryTester/&lt;&gt;c__DisplayClass5_0</FullName>
          <Methods>
            <Method visited="true" cyclomaticComplexity="0" nPathComplexity="0" sequenceCoverage="100.0" branchCoverage="0" crapScore="0" isConstructor="false" isStatic="false" isGetter="false" isSetter="false">
              <Summary numSequencePoints="1" visitedSequencePoints="1" numBranchPoints="0" visitedBranchPoints="0" sequenceCoverage="100.0" branchCoverage="0" maxCyclomaticComplexity="0" minCyclomaticComplexity="0" maxCrapScore="0" minCrapScore="0" visitedClasses="0" numClasses="0" visitedMethods="1" numMethods="1" />
              <MetadataToken>100663378</MetadataToken>
              <Name>System.Boolean Tests.HistoryTester/&lt;&gt;c__DisplayClass5_0::&lt;열람기록_삭제_테스트&gt;b__0()</Name>
              <FileRef uid="1" />
              <SequencePoints>
                <SequencePoint vc="1" uspid="113" ordinal="0" offset="0" sl="77" sc="46" el="77" ec="46" bec="0" bev="0" fileid="1" />
              </SequencePoints>
              <BranchPoints />
            </Method>
            <Method visited="true" cyclomaticComplexity="0" nPathComplexity="0" sequenceCoverage="100.0" branchCoverage="0" crapScore="0" isConstructor="false" isStatic="false" isGetter="false" isSetter="false">
              <Summary numSequencePoints="1" visitedSequencePoints="1" numBranchPoints="0" visitedBranchPoints="0" sequenceCoverage="100.0" branchCoverage="0" maxCyclomaticComplexity="0" minCyclomaticComplexity="0" maxCrapScore="0" minCrapScore="0" visitedClasses="0" numClasses="0" visitedMethods="1" numMethods="1" />
              <MetadataToken>100663379</MetadataToken>
              <Name>System.Boolean Tests.HistoryTester/&lt;&gt;c__DisplayClass5_0::&lt;열람기록_삭제_테스트&gt;b__1()</Name>
              <FileRef uid="1" />
              <SequencePoints>
                <SequencePoint vc="1" uspid="114" ordinal="0" offset="0" sl="79" sc="46" el="79" ec="46" bec="0" bev="0" fileid="1" />
              </SequencePoints>
              <BranchPoints />
            </Method>
            <Method visited="true" cyclomaticComplexity="0" nPathComplexity="0" sequenceCoverage="100.0" branchCoverage="0" crapScore="0" isConstructor="false" isStatic="false" isGetter="false" isSetter="false">
              <Summary numSequencePoints="1" visitedSequencePoints="1" numBranchPoints="0" visitedBranchPoints="0" sequenceCoverage="100.0" branchCoverage="0" maxCyclomaticComplexity="0" minCyclomaticComplexity="0" maxCrapScore="0" minCrapScore="0" visitedClasses="0" numClasses="0" visitedMethods="1" numMethods="1" />
              <MetadataToken>100663380</MetadataToken>
              <Name>System.Boolean Tests.HistoryTester/&lt;&gt;c__DisplayClass5_0::&lt;열람기록_삭제_테스트&gt;b__2()</Name>
              <FileRef uid="1" />
              <SequencePoints>
                <SequencePoint vc="7" uspid="115" ordinal="0" offset="0" sl="82" sc="46" el="82" ec="46" bec="0" bev="0" fileid="1" />
              </SequencePoints>
              <BranchPoints />
            </Method>
            <Method visited="true" cyclomaticComplexity="0" nPathComplexity="0" sequenceCoverage="100.0" branchCoverage="0" crapScore="0" isConstructor="false" isStatic="false" isGetter="false" isSetter="false">
              <Summary numSequencePoints="1" visitedSequencePoints="1" numBranchPoints="0" visitedBranchPoints="0" sequenceCoverage="100.0" branchCoverage="0" maxCyclomaticComplexity="0" minCyclomaticComplexity="0" maxCrapScore="0" minCrapScore="0" visitedClasses="0" numClasses="0" visitedMethods="1" numMethods="1" />
              <MetadataToken>100663381</MetadataToken>
              <Name>System.Boolean Tests.HistoryTester/&lt;&gt;c__DisplayClass5_0::&lt;열람기록_삭제_테스트&gt;b__3()</Name>
              <FileRef uid="1" />
              <SequencePoints>
                <SequencePoint vc="20" uspid="116" ordinal="0" offset="0" sl="85" sc="46" el="85" ec="46" bec="0" bev="0" fileid="1" />
              </SequencePoints>
              <BranchPoints />
            </Method>
            <Method visited="true" cyclomaticComplexity="0" nPathComplexity="0" sequenceCoverage="100.0" branchCoverage="0" crapScore="0" isConstructor="false" isStatic="false" isGetter="false" isSetter="false">
              <Summary numSequencePoints="1" visitedSequencePoints="1" numBranchPoints="0" visitedBranchPoints="0" sequenceCoverage="100.0" branchCoverage="0" maxCyclomaticComplexity="0" minCyclomaticComplexity="0" maxCrapScore="0" minCrapScore="0" visitedClasses="0" numClasses="0" visitedMethods="1" numMethods="1" />
              <MetadataToken>100663382</MetadataToken>
              <Name>System.Boolean Tests.HistoryTester/&lt;&gt;c__DisplayClass5_0::&lt;열람기록_삭제_테스트&gt;b__4()</Name>
              <FileRef uid="1" />
              <SequencePoints>
                <SequencePoint vc="7" uspid="117" ordinal="0" offset="0" sl="92" sc="46" el="92" ec="46" bec="0" bev="0" fileid="1" />
              </SequencePoints>
              <BranchPoints />
            </Method>
            <Method visited="true" cyclomaticComplexity="0" nPathComplexity="0" sequenceCoverage="100.0" branchCoverage="0" crapScore="0" isConstructor="false" isStatic="false" isGetter="false" isSetter="false">
              <Summary numSequencePoints="1" visitedSequencePoints="1" numBranchPoints="0" visitedBranchPoints="0" sequenceCoverage="100.0" branchCoverage="0" maxCyclomaticComplexity="0" minCyclomaticComplexity="0" maxCrapScore="0" minCrapScore="0" visitedClasses="0" numClasses="0" visitedMethods="1" numMethods="1" />
              <MetadataToken>100663383</MetadataToken>
              <Name>System.Boolean Tests.HistoryTester/&lt;&gt;c__DisplayClass5_0::&lt;열람기록_삭제_테스트&gt;b__5()</Name>
              <FileRef uid="1" />
              <SequencePoints>
                <SequencePoint vc="5" uspid="118" ordinal="0" offset="0" sl="98" sc="46" el="98" ec="46" bec="0" bev="0" fileid="1" />
              </SequencePoints>
              <BranchPoints />
            </Method>
          </Methods>
        </Class>
        <Class>
          <Summary numSequencePoints="17" visitedSequencePoints="17" numBranchPoints="0" visitedBranchPoints="0" sequenceCoverage="100.0" branchCoverage="0.0" maxCyclomaticComplexity="0" minCyclomaticComplexity="0" maxCrapScore="0" minCrapScore="0" visitedClasses="1" numClasses="1" visitedMethods="1" numMethods="1" />
          <FullName>Tests.HistoryTester/&lt;열람기록_삭제_테스트&gt;d__5</FullName>
          <Methods>
            <Method visited="true" cyclomaticComplexity="0" nPathComplexity="0" sequenceCoverage="100.0" branchCoverage="0" crapScore="0" isConstructor="false" isStatic="false" isGetter="false" isSetter="false">
              <Summary numSequencePoints="17" visitedSequencePoints="17" numBranchPoints="0" visitedBranchPoints="0" sequenceCoverage="100.0" branchCoverage="0" maxCyclomaticComplexity="0" minCyclomaticComplexity="0" maxCrapScore="0" minCrapScore="0" visitedClasses="0" numClasses="0" visitedMethods="1" numMethods="1" />
              <MetadataToken>100663386</MetadataToken>
              <Name>System.Boolean Tests.HistoryTester/&lt;열람기록_삭제_테스트&gt;d__5::MoveNext()</Name>
              <FileRef uid="1" />
              <SequencePoints>
                <SequencePoint vc="1" uspid="119" ordinal="0" offset="118" sl="76" sc="9" el="76" ec="9" bec="0" bev="0" fileid="1" />
                <SequencePoint vc="1" uspid="120" ordinal="0" offset="119" sl="77" sc="13" el="77" ec="13" bec="0" bev="0" fileid="1" />
                <SequencePoint vc="1" uspid="121" ordinal="0" offset="163" sl="78" sc="13" el="78" ec="13" bec="0" bev="0" fileid="1" />
                <SequencePoint vc="1" uspid="122" ordinal="0" offset="179" sl="79" sc="13" el="79" ec="13" bec="0" bev="0" fileid="1" />
                <SequencePoint vc="1" uspid="123" ordinal="0" offset="223" sl="81" sc="13" el="81" ec="13" bec="0" bev="0" fileid="1" />
                <SequencePoint vc="1" uspid="124" ordinal="0" offset="245" sl="82" sc="13" el="82" ec="13" bec="0" bev="0" fileid="1" />
                <SequencePoint vc="1" uspid="125" ordinal="0" offset="289" sl="84" sc="13" el="84" ec="13" bec="0" bev="0" fileid="1" />
                <SequencePoint vc="1" uspid="126" ordinal="0" offset="306" sl="85" sc="13" el="85" ec="13" bec="0" bev="0" fileid="1" />
                <SequencePoint vc="1" uspid="127" ordinal="0" offset="350" sl="88" sc="13" el="88" ec="13" bec="0" bev="0" fileid="1" />
                <SequencePoint vc="1" uspid="128" ordinal="0" offset="361" sl="91" sc="13" el="91" ec="13" bec="0" bev="0" fileid="1" />
                <SequencePoint vc="1" uspid="129" ordinal="0" offset="373" sl="92" sc="13" el="92" ec="13" bec="0" bev="0" fileid="1" />
                <SequencePoint vc="1" uspid="130" ordinal="0" offset="417" sl="94" sc="13" el="94" ec="13" bec="0" bev="0" fileid="1" />
                <SequencePoint vc="1" uspid="131" ordinal="0" offset="461" sl="97" sc="13" el="97" ec="13" bec="0" bev="0" fileid="1" />
                <SequencePoint vc="1" uspid="132" ordinal="0" offset="493" sl="98" sc="13" el="98" ec="13" bec="0" bev="0" fileid="1" />
                <SequencePoint vc="1" uspid="133" ordinal="0" offset="537" sl="99" sc="13" el="99" ec="13" bec="0" bev="0" fileid="1" />
                <SequencePoint vc="1" uspid="134" ordinal="0" offset="564" sl="101" sc="13" el="101" ec="13" bec="0" bev="0" fileid="1" />
                <SequencePoint vc="1" uspid="135" ordinal="0" offset="587" sl="102" sc="9" el="102" ec="9" bec="0" bev="0" fileid="1" />
              </SequencePoints>
              <BranchPoints />
            </Method>
          </Methods>
        </Class>
        <Class>
          <Summary numSequencePoints="6" visitedSequencePoints="6" numBranchPoints="0" visitedBranchPoints="0" sequenceCoverage="100.0" branchCoverage="0.0" maxCyclomaticComplexity="0" minCyclomaticComplexity="0" maxCrapScore="0" minCrapScore="0" visitedClasses="1" numClasses="1" visitedMethods="6" numMethods="6" />
          <FullName>Tests.HistoryTester/&lt;&gt;c__DisplayClass6_0</FullName>
          <Methods>
            <Method visited="true" cyclomaticComplexity="0" nPathComplexity="0" sequenceCoverage="100.0" branchCoverage="0" crapScore="0" isConstructor="false" isStatic="false" isGetter="false" isSetter="false">
              <Summary numSequencePoints="1" visitedSequencePoints="1" numBranchPoints="0" visitedBranchPoints="0" sequenceCoverage="100.0" branchCoverage="0" maxCyclomaticComplexity="0" minCyclomaticComplexity="0" maxCrapScore="0" minCrapScore="0" visitedClasses="0" numClasses="0" visitedMethods="1" numMethods="1" />
              <MetadataToken>100663391</MetadataToken>
              <Name>System.Boolean Tests.HistoryTester/&lt;&gt;c__DisplayClass6_0::&lt;서버통신불량_열람기록_삭제_테스트&gt;b__0()</Name>
              <FileRef uid="1" />
              <SequencePoints>
                <SequencePoint vc="1" uspid="136" ordinal="0" offset="0" sl="107" sc="46" el="107" ec="46" bec="0" bev="0" fileid="1" />
              </SequencePoints>
              <BranchPoints />
            </Method>
            <Method visited="true" cyclomaticComplexity="0" nPathComplexity="0" sequenceCoverage="100.0" branchCoverage="0" crapScore="0" isConstructor="false" isStatic="false" isGetter="false" isSetter="false">
              <Summary numSequencePoints="1" visitedSequencePoints="1" numBranchPoints="0" visitedBranchPoints="0" sequenceCoverage="100.0" branchCoverage="0" maxCyclomaticComplexity="0" minCyclomaticComplexity="0" maxCrapScore="0" minCrapScore="0" visitedClasses="0" numClasses="0" visitedMethods="1" numMethods="1" />
              <MetadataToken>100663392</MetadataToken>
              <Name>System.Boolean Tests.HistoryTester/&lt;&gt;c__DisplayClass6_0::&lt;서버통신불량_열람기록_삭제_테스트&gt;b__1()</Name>
              <FileRef uid="1" />
              <SequencePoints>
                <SequencePoint vc="1" uspid="137" ordinal="0" offset="0" sl="109" sc="46" el="109" ec="46" bec="0" bev="0" fileid="1" />
              </SequencePoints>
              <BranchPoints />
            </Method>
            <Method visited="true" cyclomaticComplexity="0" nPathComplexity="0" sequenceCoverage="100.0" branchCoverage="0" crapScore="0" isConstructor="false" isStatic="false" isGetter="false" isSetter="false">
              <Summary numSequencePoints="1" visitedSequencePoints="1" numBranchPoints="0" visitedBranchPoints="0" sequenceCoverage="100.0" branchCoverage="0" maxCyclomaticComplexity="0" minCyclomaticComplexity="0" maxCrapScore="0" minCrapScore="0" visitedClasses="0" numClasses="0" visitedMethods="1" numMethods="1" />
              <MetadataToken>100663393</MetadataToken>
              <Name>System.Boolean Tests.HistoryTester/&lt;&gt;c__DisplayClass6_0::&lt;서버통신불량_열람기록_삭제_테스트&gt;b__2()</Name>
              <FileRef uid="1" />
              <SequencePoints>
                <SequencePoint vc="5" uspid="138" ordinal="0" offset="0" sl="112" sc="46" el="112" ec="46" bec="0" bev="0" fileid="1" />
              </SequencePoints>
              <BranchPoints />
            </Method>
            <Method visited="true" cyclomaticComplexity="0" nPathComplexity="0" sequenceCoverage="100.0" branchCoverage="0" crapScore="0" isConstructor="false" isStatic="false" isGetter="false" isSetter="false">
              <Summary numSequencePoints="1" visitedSequencePoints="1" numBranchPoints="0" visitedBranchPoints="0" sequenceCoverage="100.0" branchCoverage="0" maxCyclomaticComplexity="0" minCyclomaticComplexity="0" maxCrapScore="0" minCrapScore="0" visitedClasses="0" numClasses="0" visitedMethods="1" numMethods="1" />
              <MetadataToken>100663394</MetadataToken>
              <Name>System.Boolean Tests.HistoryTester/&lt;&gt;c__DisplayClass6_0::&lt;서버통신불량_열람기록_삭제_테스트&gt;b__3()</Name>
              <FileRef uid="1" />
              <SequencePoints>
                <SequencePoint vc="15" uspid="139" ordinal="0" offset="0" sl="115" sc="46" el="115" ec="46" bec="0" bev="0" fileid="1" />
              </SequencePoints>
              <BranchPoints />
            </Method>
            <Method visited="true" cyclomaticComplexity="0" nPathComplexity="0" sequenceCoverage="100.0" branchCoverage="0" crapScore="0" isConstructor="false" isStatic="false" isGetter="false" isSetter="false">
              <Summary numSequencePoints="1" visitedSequencePoints="1" numBranchPoints="0" visitedBranchPoints="0" sequenceCoverage="100.0" branchCoverage="0" maxCyclomaticComplexity="0" minCyclomaticComplexity="0" maxCrapScore="0" minCrapScore="0" visitedClasses="0" numClasses="0" visitedMethods="1" numMethods="1" />
              <MetadataToken>100663395</MetadataToken>
              <Name>System.Boolean Tests.HistoryTester/&lt;&gt;c__DisplayClass6_0::&lt;서버통신불량_열람기록_삭제_테스트&gt;b__4()</Name>
              <FileRef uid="1" />
              <SequencePoints>
                <SequencePoint vc="730" uspid="140" ordinal="0" offset="0" sl="125" sc="46" el="125" ec="46" bec="0" bev="0" fileid="1" />
              </SequencePoints>
              <BranchPoints />
            </Method>
            <Method visited="true" cyclomaticComplexity="0" nPathComplexity="0" sequenceCoverage="100.0" branchCoverage="0" crapScore="0" isConstructor="false" isStatic="false" isGetter="false" isSetter="false">
              <Summary numSequencePoints="1" visitedSequencePoints="1" numBranchPoints="0" visitedBranchPoints="0" sequenceCoverage="100.0" branchCoverage="0" maxCyclomaticComplexity="0" minCyclomaticComplexity="0" maxCrapScore="0" minCrapScore="0" visitedClasses="0" numClasses="0" visitedMethods="1" numMethods="1" />
              <MetadataToken>100663396</MetadataToken>
              <Name>System.Boolean Tests.HistoryTester/&lt;&gt;c__DisplayClass6_0::&lt;서버통신불량_열람기록_삭제_테스트&gt;b__5()</Name>
              <FileRef uid="1" />
              <SequencePoints>
                <SequencePoint vc="7" uspid="141" ordinal="0" offset="0" sl="133" sc="46" el="133" ec="46" bec="0" bev="0" fileid="1" />
              </SequencePoints>
              <BranchPoints />
            </Method>
          </Methods>
        </Class>
        <Class>
          <Summary numSequencePoints="21" visitedSequencePoints="21" numBranchPoints="0" visitedBranchPoints="0" sequenceCoverage="100.0" branchCoverage="0.0" maxCyclomaticComplexity="0" minCyclomaticComplexity="0" maxCrapScore="0" minCrapScore="0" visitedClasses="1" numClasses="1" visitedMethods="1" numMethods="1" />
          <FullName>Tests.HistoryTester/&lt;서버통신불량_열람기록_삭제_테스트&gt;d__6</FullName>
          <Methods>
            <Method visited="true" cyclomaticComplexity="0" nPathComplexity="0" sequenceCoverage="100.0" branchCoverage="0" crapScore="0" isConstructor="false" isStatic="false" isGetter="false" isSetter="false">
              <Summary numSequencePoints="21" visitedSequencePoints="21" numBranchPoints="0" visitedBranchPoints="0" sequenceCoverage="100.0" branchCoverage="0" maxCyclomaticComplexity="0" minCyclomaticComplexity="0" maxCrapScore="0" minCrapScore="0" visitedClasses="0" numClasses="0" visitedMethods="1" numMethods="1" />
              <MetadataToken>100663399</MetadataToken>
              <Name>System.Boolean Tests.HistoryTester/&lt;서버통신불량_열람기록_삭제_테스트&gt;d__6::MoveNext()</Name>
              <FileRef uid="1" />
              <SequencePoints>
                <SequencePoint vc="1" uspid="142" ordinal="0" offset="118" sl="106" sc="9" el="106" ec="9" bec="0" bev="0" fileid="1" />
                <SequencePoint vc="1" uspid="143" ordinal="0" offset="119" sl="107" sc="13" el="107" ec="13" bec="0" bev="0" fileid="1" />
                <SequencePoint vc="1" uspid="144" ordinal="0" offset="163" sl="108" sc="13" el="108" ec="13" bec="0" bev="0" fileid="1" />
                <SequencePoint vc="1" uspid="145" ordinal="0" offset="179" sl="109" sc="13" el="109" ec="13" bec="0" bev="0" fileid="1" />
                <SequencePoint vc="1" uspid="146" ordinal="0" offset="223" sl="111" sc="13" el="111" ec="13" bec="0" bev="0" fileid="1" />
                <SequencePoint vc="1" uspid="147" ordinal="0" offset="245" sl="112" sc="13" el="112" ec="13" bec="0" bev="0" fileid="1" />
                <SequencePoint vc="1" uspid="148" ordinal="0" offset="289" sl="114" sc="13" el="114" ec="13" bec="0" bev="0" fileid="1" />
                <SequencePoint vc="1" uspid="149" ordinal="0" offset="306" sl="115" sc="13" el="115" ec="13" bec="0" bev="0" fileid="1" />
                <SequencePoint vc="1" uspid="150" ordinal="0" offset="350" sl="118" sc="13" el="118" ec="13" bec="0" bev="0" fileid="1" />
                <SequencePoint vc="1" uspid="151" ordinal="0" offset="361" sl="120" sc="13" el="120" ec="13" bec="0" bev="0" fileid="1" />
                <SequencePoint vc="1" uspid="152" ordinal="0" offset="383" sl="121" sc="13" el="121" ec="13" bec="0" bev="0" fileid="1" />
                <SequencePoint vc="1" uspid="153" ordinal="0" offset="404" sl="124" sc="13" el="124" ec="13" bec="0" bev="0" fileid="1" />
                <SequencePoint vc="1" uspid="154" ordinal="0" offset="416" sl="125" sc="13" el="125" ec="13" bec="0" bev="0" fileid="1" />
                <SequencePoint vc="1" uspid="155" ordinal="0" offset="460" sl="126" sc="13" el="126" ec="13" bec="0" bev="0" fileid="1" />
                <SequencePoint vc="1" uspid="156" ordinal="0" offset="504" sl="127" sc="13" el="127" ec="13" bec="0" bev="0" fileid="1" />
                <SequencePoint vc="1" uspid="157" ordinal="0" offset="536" sl="131" sc="13" el="131" ec="13" bec="0" bev="0" fileid="1" />
                <SequencePoint vc="1" uspid="158" ordinal="0" offset="558" sl="132" sc="13" el="132" ec="13" bec="0" bev="0" fileid="1" />
                <SequencePoint vc="1" uspid="159" ordinal="0" offset="570" sl="133" sc="13" el="133" ec="13" bec="0" bev="0" fileid="1" />
                <SequencePoint vc="1" uspid="160" ordinal="0" offset="614" sl="134" sc="13" el="134" ec="13" bec="0" bev="0" fileid="1" />
                <SequencePoint vc="1" uspid="161" ordinal="0" offset="658" sl="136" sc="13" el="136" ec="13" bec="0" bev="0" fileid="1" />
                <SequencePoint vc="1" uspid="162" ordinal="0" offset="681" sl="137" sc="9" el="137" ec="9" bec="0" bev="0" fileid="1" />
              </SequencePoints>
              <BranchPoints />
            </Method>
          </Methods>
        </Class>
        <Class>
          <Summary numSequencePoints="6" visitedSequencePoints="6" numBranchPoints="0" visitedBranchPoints="0" sequenceCoverage="100.0" branchCoverage="0.0" maxCyclomaticComplexity="0" minCyclomaticComplexity="0" maxCrapScore="0" minCrapScore="0" visitedClasses="1" numClasses="1" visitedMethods="6" numMethods="6" />
          <FullName>Tests.HistoryTester/&lt;&gt;c__DisplayClass7_0</FullName>
          <Methods>
            <Method visited="true" cyclomaticComplexity="0" nPathComplexity="0" sequenceCoverage="100.0" branchCoverage="0" crapScore="0" isConstructor="false" isStatic="false" isGetter="false" isSetter="false">
              <Summary numSequencePoints="1" visitedSequencePoints="1" numBranchPoints="0" visitedBranchPoints="0" sequenceCoverage="100.0" branchCoverage="0" maxCyclomaticComplexity="0" minCyclomaticComplexity="0" maxCrapScore="0" minCrapScore="0" visitedClasses="0" numClasses="0" visitedMethods="1" numMethods="1" />
              <MetadataToken>100663404</MetadataToken>
              <Name>System.Boolean Tests.HistoryTester/&lt;&gt;c__DisplayClass7_0::&lt;열람기록_조회_테스트&gt;b__0()</Name>
              <FileRef uid="1" />
              <SequencePoints>
                <SequencePoint vc="1" uspid="163" ordinal="0" offset="0" sl="142" sc="46" el="142" ec="46" bec="0" bev="0" fileid="1" />
              </SequencePoints>
              <BranchPoints />
            </Method>
            <Method visited="true" cyclomaticComplexity="0" nPathComplexity="0" sequenceCoverage="100.0" branchCoverage="0" crapScore="0" isConstructor="false" isStatic="false" isGetter="false" isSetter="false">
              <Summary numSequencePoints="1" visitedSequencePoints="1" numBranchPoints="0" visitedBranchPoints="0" sequenceCoverage="100.0" branchCoverage="0" maxCyclomaticComplexity="0" minCyclomaticComplexity="0" maxCrapScore="0" minCrapScore="0" visitedClasses="0" numClasses="0" visitedMethods="1" numMethods="1" />
              <MetadataToken>100663405</MetadataToken>
              <Name>System.Boolean Tests.HistoryTester/&lt;&gt;c__DisplayClass7_0::&lt;열람기록_조회_테스트&gt;b__1()</Name>
              <FileRef uid="1" />
              <SequencePoints>
                <SequencePoint vc="1" uspid="164" ordinal="0" offset="0" sl="144" sc="46" el="144" ec="46" bec="0" bev="0" fileid="1" />
              </SequencePoints>
              <BranchPoints />
            </Method>
            <Method visited="true" cyclomaticComplexity="0" nPathComplexity="0" sequenceCoverage="100.0" branchCoverage="0" crapScore="0" isConstructor="false" isStatic="false" isGetter="false" isSetter="false">
              <Summary numSequencePoints="1" visitedSequencePoints="1" numBranchPoints="0" visitedBranchPoints="0" sequenceCoverage="100.0" branchCoverage="0" maxCyclomaticComplexity="0" minCyclomaticComplexity="0" maxCrapScore="0" minCrapScore="0" visitedClasses="0" numClasses="0" visitedMethods="1" numMethods="1" />
              <MetadataToken>100663406</MetadataToken>
              <Name>System.Boolean Tests.HistoryTester/&lt;&gt;c__DisplayClass7_0::&lt;열람기록_조회_테스트&gt;b__4()</Name>
              <FileRef uid="1" />
              <SequencePoints>
                <SequencePoint vc="21" uspid="165" ordinal="0" offset="0" sl="150" sc="50" el="150" ec="50" bec="0" bev="0" fileid="1" />
              </SequencePoints>
              <BranchPoints />
            </Method>
            <Method visited="true" cyclomaticComplexity="0" nPathComplexity="0" sequenceCoverage="100.0" branchCoverage="0" crapScore="0" isConstructor="false" isStatic="false" isGetter="false" isSetter="false">
              <Summary numSequencePoints="1" visitedSequencePoints="1" numBranchPoints="0" visitedBranchPoints="0" sequenceCoverage="100.0" branchCoverage="0" maxCyclomaticComplexity="0" minCyclomaticComplexity="0" maxCrapScore="0" minCrapScore="0" visitedClasses="0" numClasses="0" visitedMethods="1" numMethods="1" />
              <MetadataToken>100663407</MetadataToken>
              <Name>System.Boolean Tests.HistoryTester/&lt;&gt;c__DisplayClass7_0::&lt;열람기록_조회_테스트&gt;b__2()</Name>
              <FileRef uid="1" />
              <SequencePoints>
                <SequencePoint vc="83" uspid="166" ordinal="0" offset="0" sl="154" sc="46" el="154" ec="46" bec="0" bev="0" fileid="1" />
              </SequencePoints>
              <BranchPoints />
            </Method>
            <Method visited="true" cyclomaticComplexity="0" nPathComplexity="0" sequenceCoverage="100.0" branchCoverage="0" crapScore="0" isConstructor="false" isStatic="false" isGetter="false" isSetter="false">
              <Summary numSequencePoints="1" visitedSequencePoints="1" numBranchPoints="0" visitedBranchPoints="0" sequenceCoverage="100.0" branchCoverage="0" maxCyclomaticComplexity="0" minCyclomaticComplexity="0" maxCrapScore="0" minCrapScore="0" visitedClasses="0" numClasses="0" visitedMethods="1" numMethods="1" />
              <MetadataToken>100663408</MetadataToken>
              <Name>System.Boolean Tests.HistoryTester/&lt;&gt;c__DisplayClass7_0::&lt;열람기록_조회_테스트&gt;b__5()</Name>
              <FileRef uid="1" />
              <SequencePoints>
                <SequencePoint vc="27" uspid="167" ordinal="0" offset="0" sl="165" sc="50" el="165" ec="50" bec="0" bev="0" fileid="1" />
              </SequencePoints>
              <BranchPoints />
            </Method>
            <Method visited="true" cyclomaticComplexity="0" nPathComplexity="0" sequenceCoverage="100.0" branchCoverage="0" crapScore="0" isConstructor="false" isStatic="false" isGetter="false" isSetter="false">
              <Summary numSequencePoints="1" visitedSequencePoints="1" numBranchPoints="0" visitedBranchPoints="0" sequenceCoverage="100.0" branchCoverage="0" maxCyclomaticComplexity="0" minCyclomaticComplexity="0" maxCrapScore="0" minCrapScore="0" visitedClasses="0" numClasses="0" visitedMethods="1" numMethods="1" />
              <MetadataToken>100663409</MetadataToken>
              <Name>System.Boolean Tests.HistoryTester/&lt;&gt;c__DisplayClass7_0::&lt;열람기록_조회_테스트&gt;b__3()</Name>
              <FileRef uid="1" />
              <SequencePoints>
                <SequencePoint vc="4" uspid="168" ordinal="0" offset="0" sl="169" sc="46" el="169" ec="46" bec="0" bev="0" fileid="1" />
              </SequencePoints>
              <BranchPoints />
            </Method>
          </Methods>
        </Class>
        <Class>
          <Summary numSequencePoints="30" visitedSequencePoints="30" numBranchPoints="0" visitedBranchPoints="0" sequenceCoverage="100.0" branchCoverage="0.0" maxCyclomaticComplexity="0" minCyclomaticComplexity="0" maxCrapScore="0" minCrapScore="0" visitedClasses="1" numClasses="1" visitedMethods="1" numMethods="1" />
          <FullName>Tests.HistoryTester/&lt;열람기록_조회_테스트&gt;d__7</FullName>
          <Methods>
            <Method visited="true" cyclomaticComplexity="0" nPathComplexity="0" sequenceCoverage="100.0" branchCoverage="0" crapScore="0" isConstructor="false" isStatic="false" isGetter="false" isSetter="false">
              <Summary numSequencePoints="30" visitedSequencePoints="30" numBranchPoints="0" visitedBranchPoints="0" sequenceCoverage="100.0" branchCoverage="0" maxCyclomaticComplexity="0" minCyclomaticComplexity="0" maxCrapScore="0" minCrapScore="0" visitedClasses="0" numClasses="0" visitedMethods="1" numMethods="1" />
              <MetadataToken>100663412</MetadataToken>
              <Name>System.Boolean Tests.HistoryTester/&lt;열람기록_조회_테스트&gt;d__7::MoveNext()</Name>
              <FileRef uid="1" />
              <SequencePoints>
                <SequencePoint vc="1" uspid="169" ordinal="0" offset="118" sl="141" sc="9" el="141" ec="9" bec="0" bev="0" fileid="1" />
                <SequencePoint vc="1" uspid="170" ordinal="0" offset="119" sl="142" sc="13" el="142" ec="13" bec="0" bev="0" fileid="1" />
                <SequencePoint vc="1" uspid="171" ordinal="0" offset="163" sl="143" sc="13" el="143" ec="13" bec="0" bev="0" fileid="1" />
                <SequencePoint vc="1" uspid="172" ordinal="0" offset="179" sl="144" sc="13" el="144" ec="13" bec="0" bev="0" fileid="1" />
                <SequencePoint vc="1" uspid="173" ordinal="0" offset="223" sl="147" sc="17" el="147" ec="17" bec="0" bev="0" fileid="1" />
                <SequencePoint vc="4" uspid="174" ordinal="0" offset="232" sl="148" sc="13" el="148" ec="13" bec="0" bev="0" fileid="1" />
                <SequencePoint vc="4" uspid="175" ordinal="0" offset="233" sl="149" sc="17" el="149" ec="17" bec="0" bev="0" fileid="1" />
                <SequencePoint vc="4" uspid="176" ordinal="0" offset="261" sl="150" sc="17" el="150" ec="17" bec="0" bev="0" fileid="1" />
                <SequencePoint vc="4" uspid="177" ordinal="0" offset="334" sl="151" sc="13" el="151" ec="13" bec="0" bev="0" fileid="1" />
                <SequencePoint vc="4" uspid="178" ordinal="0" offset="335" sl="147" sc="36" el="147" ec="36" bec="0" bev="0" fileid="1" />
                <SequencePoint vc="5" uspid="179" ordinal="0" offset="351" sl="147" sc="28" el="147" ec="28" bec="0" bev="0" fileid="1" />
                <SequencePoint vc="1" uspid="180" ordinal="0" offset="370" sl="153" sc="13" el="153" ec="13" bec="0" bev="0" fileid="1" />
                <SequencePoint vc="1" uspid="181" ordinal="0" offset="387" sl="154" sc="13" el="154" ec="13" bec="0" bev="0" fileid="1" />
                <SequencePoint vc="1" uspid="182" ordinal="0" offset="431" sl="157" sc="13" el="157" ec="13" bec="0" bev="0" fileid="1" />
                <SequencePoint vc="1" uspid="183" ordinal="0" offset="442" sl="158" sc="13" el="158" ec="13" bec="0" bev="0" fileid="1" />
[...]
          <FullName>Tests.SearchTester/&lt;정상_검색어_입력_테스트_옵션_재료&gt;d__6</FullName>
          <Methods>
            <Method visited="true" cyclomaticComplexity="0" nPathComplexity="0" sequenceCoverage="100.0" branchCoverage="0" crapScore="0" isConstructor="false" isStatic="false" isGetter="false" isSetter="false">
              <Summary numSequencePoints="15" visitedSequencePoints="15" numBranchPoints="0" visitedBranchPoints="0" sequenceCoverage="100.0" branchCoverage="0" maxCyclomaticComplexity="0" minCyclomaticComplexity="0" maxCrapScore="0" minCrapScore="0" visitedClasses="0" numClasses="0" visitedMethods="1" numMethods="1" />
              <MetadataToken>100663578</MetadataToken>
              <Name>System.Boolean Tests.SearchTester/&lt;정상_검색어_입력_테스트_옵션_재료&gt;d__6::MoveNext()</Name>
              <FileRef uid="5" />
              <SequencePoints>
                <SequencePoint vc="1" uspid="567" ordinal="0" offset="59" sl="104" sc="9" el="104" ec="9" bec="0" bev="0" fileid="5" />
                <SequencePoint vc="1" uspid="568" ordinal="0" offset="60" sl="105" sc="13" el="105" ec="13" bec="0" bev="0" fileid="5" />
                <SequencePoint vc="1" uspid="569" ordinal="0" offset="109" sl="106" sc="13" el="106" ec="13" bec="0" bev="0" fileid="5" />
                <SequencePoint vc="1" uspid="570" ordinal="0" offset="120" sl="108" sc="13" el="108" ec="13" bec="0" bev="0" fileid="5" />
                <SequencePoint vc="1" uspid="571" ordinal="0" offset="170" sl="115" sc="13" el="115" ec="13" bec="0" bev="0" fileid="5" />
                <SequencePoint vc="1" uspid="572" ordinal="0" offset="171" sl="115" sc="33" el="115" ec="33" bec="0" bev="0" fileid="5" />
                <SequencePoint vc="3" uspid="573" ordinal="0" offset="201" sl="115" sc="21" el="115" ec="21" bec="0" bev="0" fileid="5" />
                <SequencePoint vc="3" uspid="574" ordinal="0" offset="218" sl="116" sc="13" el="116" ec="13" bec="0" bev="0" fileid="5" />
                <SequencePoint vc="3" uspid="575" ordinal="0" offset="219" sl="117" sc="17" el="117" ec="17" bec="0" bev="0" fileid="5" />
                <SequencePoint vc="3" uspid="576" ordinal="0" offset="269" sl="118" sc="17" el="118" ec="17" bec="0" bev="0" fileid="5" />
                <SequencePoint vc="3" uspid="577" ordinal="0" offset="326" sl="119" sc="17" el="119" ec="17" bec="0" bev="0" fileid="5" />
                <SequencePoint vc="3" uspid="578" ordinal="0" offset="365" sl="120" sc="13" el="120" ec="13" bec="0" bev="0" fileid="5" />
                <SequencePoint vc="4" uspid="579" ordinal="0" offset="378" sl="115" sc="30" el="115" ec="30" bec="0" bev="0" fileid="5" />
                <SequencePoint vc="1" uspid="580" ordinal="0" offset="413" sl="122" sc="13" el="122" ec="13" bec="0" bev="0" fileid="5" />
                <SequencePoint vc="1" uspid="581" ordinal="0" offset="438" sl="123" sc="9" el="123" ec="9" bec="0" bev="0" fileid="5" />
              </SequencePoints>
              <BranchPoints />
            </Method>
          </Methods>
        </Class>
        <Class>
          <Summary numSequencePoints="22" visitedSequencePoints="22" numBranchPoints="0" visitedBranchPoints="0" sequenceCoverage="100.0" branchCoverage="0.0" maxCyclomaticComplexity="0" minCyclomaticComplexity="0" maxCrapScore="0" minCrapScore="0" visitedClasses="1" numClasses="1" visitedMethods="1" numMethods="1" />
          <FullName>Tests.SearchTester/&lt;비정상_검색어_입력_테스트_옵션_레시피명&gt;d__7</FullName>
          <Methods>
            <Method visited="true" cyclomaticComplexity="0" nPathComplexity="0" sequenceCoverage="100.0" branchCoverage="0" crapScore="0" isConstructor="false" isStatic="false" isGetter="false" isSetter="false">
              <Summary numSequencePoints="22" visitedSequencePoints="22" numBranchPoints="0" visitedBranchPoints="0" sequenceCoverage="100.0" branchCoverage="0" maxCyclomaticComplexity="0" minCyclomaticComplexity="0" maxCrapScore="0" minCrapScore="0" visitedClasses="0" numClasses="0" visitedMethods="1" numMethods="1" />
              <MetadataToken>100663585</MetadataToken>
              <Name>System.Boolean Tests.SearchTester/&lt;비정상_검색어_입력_테스트_옵션_레시피명&gt;d__7::MoveNext()</Name>
              <FileRef uid="5" />
              <SequencePoints>
                <SequencePoint vc="1" uspid="582" ordinal="0" offset="59" sl="127" sc="9" el="127" ec="9" bec="0" bev="0" fileid="5" />
                <SequencePoint vc="1" uspid="583" ordinal="0" offset="60" sl="128" sc="13" el="128" ec="13" bec="0" bev="0" fileid="5" />
                <SequencePoint vc="1" uspid="584" ordinal="0" offset="109" sl="129" sc="13" el="129" ec="13" bec="0" bev="0" fileid="5" />
                <SequencePoint vc="1" uspid="585" ordinal="0" offset="120" sl="131" sc="13" el="131" ec="13" bec="0" bev="0" fileid="5" />
                <SequencePoint vc="1" uspid="586" ordinal="0" offset="284" sl="150" sc="13" el="150" ec="13" bec="0" bev="0" fileid="5" />
                <SequencePoint vc="1" uspid="587" ordinal="0" offset="285" sl="150" sc="33" el="150" ec="33" bec="0" bev="0" fileid="5" />
                <SequencePoint vc="9" uspid="588" ordinal="0" offset="315" sl="150" sc="21" el="150" ec="21" bec="0" bev="0" fileid="5" />
                <SequencePoint vc="9" uspid="589" ordinal="0" offset="332" sl="151" sc="13" el="151" ec="13" bec="0" bev="0" fileid="5" />
                <SequencePoint vc="9" uspid="590" ordinal="0" offset="333" sl="152" sc="17" el="152" ec="17" bec="0" bev="0" fileid="5" />
                <SequencePoint vc="9" uspid="591" ordinal="0" offset="378" sl="153" sc="17" el="153" ec="17" bec="0" bev="0" fileid="5" />
                <SequencePoint vc="9" uspid="592" ordinal="0" offset="435" sl="155" sc="17" el="155" ec="17" bec="0" bev="0" fileid="5" />
                <SequencePoint vc="6" uspid="593" ordinal="0" offset="460" sl="156" sc="17" el="156" ec="17" bec="0" bev="0" fileid="5" />
                <SequencePoint vc="6" uspid="594" ordinal="0" offset="461" sl="157" sc="21" el="157" ec="21" bec="0" bev="0" fileid="5" />
                <SequencePoint vc="6" uspid="595" ordinal="0" offset="486" sl="158" sc="21" el="158" ec="21" bec="0" bev="0" fileid="5" />
                <SequencePoint vc="6" uspid="596" ordinal="0" offset="519" sl="159" sc="17" el="159" ec="17" bec="0" bev="0" fileid="5" />
                <SequencePoint vc="3" uspid="597" ordinal="0" offset="522" sl="161" sc="17" el="161" ec="17" bec="0" bev="0" fileid="5" />
                <SequencePoint vc="3" uspid="598" ordinal="0" offset="523" sl="162" sc="21" el="162" ec="21" bec="0" bev="0" fileid="5" />
                <SequencePoint vc="3" uspid="599" ordinal="0" offset="548" sl="163" sc="17" el="163" ec="17" bec="0" bev="0" fileid="5" />
                <SequencePoint vc="9" uspid="600" ordinal="0" offset="549" sl="164" sc="13" el="164" ec="13" bec="0" bev="0" fileid="5" />
                <SequencePoint vc="10" uspid="601" ordinal="0" offset="562" sl="150" sc="30" el="150" ec="30" bec="0" bev="0" fileid="5" />
                <SequencePoint vc="1" uspid="602" ordinal="0" offset="597" sl="166" sc="13" el="166" ec="13" bec="0" bev="0" fileid="5" />
                <SequencePoint vc="1" uspid="603" ordinal="0" offset="622" sl="167" sc="9" el="167" ec="9" bec="0" bev="0" fileid="5" />
              </SequencePoints>
              <BranchPoints />
            </Method>
          </Methods>
        </Class>
        <Class>
          <Summary numSequencePoints="22" visitedSequencePoints="22" numBranchPoints="0" visitedBranchPoints="0" sequenceCoverage="100.0" branchCoverage="0.0" maxCyclomaticComplexity="0" minCyclomaticComplexity="0" maxCrapScore="0" minCrapScore="0" visitedClasses="1" numClasses="1" visitedMethods="1" numMethods="1" />
          <FullName>Tests.SearchTester/&lt;비정상_검색어_입력_테스트_옵션_난이도명&gt;d__8</FullName>
          <Methods>
            <Method visited="true" cyclomaticComplexity="0" nPathComplexity="0" sequenceCoverage="100.0" branchCoverage="0" crapScore="0" isConstructor="false" isStatic="false" isGetter="false" isSetter="false">
              <Summary numSequencePoints="22" visitedSequencePoints="22" numBranchPoints="0" visitedBranchPoints="0" sequenceCoverage="100.0" branchCoverage="0" maxCyclomaticComplexity="0" minCyclomaticComplexity="0" maxCrapScore="0" minCrapScore="0" visitedClasses="0" numClasses="0" visitedMethods="1" numMethods="1" />
              <MetadataToken>100663592</MetadataToken>
              <Name>System.Boolean Tests.SearchTester/&lt;비정상_검색어_입력_테스트_옵션_난이도명&gt;d__8::MoveNext()</Name>
              <FileRef uid="5" />
              <SequencePoints>
                <SequencePoint vc="1" uspid="604" ordinal="0" offset="59" sl="171" sc="9" el="171" ec="9" bec="0" bev="0" fileid="5" />
                <SequencePoint vc="1" uspid="605" ordinal="0" offset="60" sl="172" sc="13" el="172" ec="13" bec="0" bev="0" fileid="5" />
                <SequencePoint vc="1" uspid="606" ordinal="0" offset="109" sl="173" sc="13" el="173" ec="13" bec="0" bev="0" fileid="5" />
                <SequencePoint vc="1" uspid="607" ordinal="0" offset="120" sl="175" sc="13" el="175" ec="13" bec="0" bev="0" fileid="5" />
                <SequencePoint vc="1" uspid="608" ordinal="0" offset="267" sl="192" sc="13" el="192" ec="13" bec="0" bev="0" fileid="5" />
                <SequencePoint vc="1" uspid="609" ordinal="0" offset="268" sl="192" sc="33" el="192" ec="33" bec="0" bev="0" fileid="5" />
                <SequencePoint vc="8" uspid="610" ordinal="0" offset="298" sl="192" sc="21" el="192" ec="21" bec="0" bev="0" fileid="5" />
                <SequencePoint vc="8" uspid="611" ordinal="0" offset="315" sl="193" sc="13" el="193" ec="13" bec="0" bev="0" fileid="5" />
                <SequencePoint vc="8" uspid="612" ordinal="0" offset="316" sl="194" sc="17" el="194" ec="17" bec="0" bev="0" fileid="5" />
                <SequencePoint vc="8" uspid="613" ordinal="0" offset="361" sl="195" sc="17" el="195" ec="17" bec="0" bev="0" fileid="5" />
                <SequencePoint vc="8" uspid="614" ordinal="0" offset="418" sl="197" sc="17" el="197" ec="17" bec="0" bev="0" fileid="5" />
                <SequencePoint vc="5" uspid="615" ordinal="0" offset="443" sl="198" sc="17" el="198" ec="17" bec="0" bev="0" fileid="5" />
                <SequencePoint vc="5" uspid="616" ordinal="0" offset="444" sl="199" sc="21" el="199" ec="21" bec="0" bev="0" fileid="5" />
                <SequencePoint vc="5" uspid="617" ordinal="0" offset="469" sl="200" sc="21" el="200" ec="21" bec="0" bev="0" fileid="5" />
                <SequencePoint vc="5" uspid="618" ordinal="0" offset="502" sl="201" sc="17" el="201" ec="17" bec="0" bev="0" fileid="5" />
                <SequencePoint vc="3" uspid="619" ordinal="0" offset="505" sl="203" sc="17" el="203" ec="17" bec="0" bev="0" fileid="5" />
                <SequencePoint vc="3" uspid="620" ordinal="0" offset="506" sl="204" sc="21" el="204" ec="21" bec="0" bev="0" fileid="5" />
                <SequencePoint vc="3" uspid="621" ordinal="0" offset="531" sl="205" sc="17" el="205" ec="17" bec="0" bev="0" fileid="5" />
                <SequencePoint vc="8" uspid="622" ordinal="0" offset="532" sl="206" sc="13" el="206" ec="13" bec="0" bev="0" fileid="5" />
                <SequencePoint vc="9" uspid="623" ordinal="0" offset="545" sl="192" sc="30" el="192" ec="30" bec="0" bev="0" fileid="5" />
                <SequencePoint vc="1" uspid="624" ordinal="0" offset="580" sl="208" sc="13" el="208" ec="13" bec="0" bev="0" fileid="5" />
                <SequencePoint vc="1" uspid="625" ordinal="0" offset="605" sl="209" sc="9" el="209" ec="9" bec="0" bev="0" fileid="5" />
              </SequencePoints>
              <BranchPoints />
            </Method>
          </Methods>
        </Class>
        <Class>
          <Summary numSequencePoints="22" visitedSequencePoints="22" numBranchPoints="0" visitedBranchPoints="0" sequenceCoverage="100.0" branchCoverage="0.0" maxCyclomaticComplexity="0" minCyclomaticComplexity="0" maxCrapScore="0" minCrapScore="0" visitedClasses="1" numClasses="1" visitedMethods="1" numMethods="1" />
          <FullName>Tests.SearchTester/&lt;비정상_검색어_입력_테스트_옵션_재료명&gt;d__9</FullName>
          <Methods>
            <Method visited="true" cyclomaticComplexity="0" nPathComplexity="0" sequenceCoverage="100.0" branchCoverage="0" crapScore="0" isConstructor="false" isStatic="false" isGetter="false" isSetter="false">
              <Summary numSequencePoints="22" visitedSequencePoints="22" numBranchPoints="0" visitedBranchPoints="0" sequenceCoverage="100.0" branchCoverage="0" maxCyclomaticComplexity="0" minCyclomaticComplexity="0" maxCrapScore="0" minCrapScore="0" visitedClasses="0" numClasses="0" visitedMethods="1" numMethods="1" />
              <MetadataToken>100663599</MetadataToken>
              <Name>System.Boolean Tests.SearchTester/&lt;비정상_검색어_입력_테스트_옵션_재료명&gt;d__9::MoveNext()</Name>
              <FileRef uid="5" />
              <SequencePoints>
                <SequencePoint vc="1" uspid="626" ordinal="0" offset="59" sl="213" sc="9" el="213" ec="9" bec="0" bev="0" fileid="5" />
                <SequencePoint vc="1" uspid="627" ordinal="0" offset="60" sl="214" sc="13" el="214" ec="13" bec="0" bev="0" fileid="5" />
                <SequencePoint vc="1" uspid="628" ordinal="0" offset="109" sl="215" sc="13" el="215" ec="13" bec="0" bev="0" fileid="5" />
                <SequencePoint vc="1" uspid="629" ordinal="0" offset="120" sl="217" sc="13" el="217" ec="13" bec="0" bev="0" fileid="5" />
                <SequencePoint vc="1" uspid="630" ordinal="0" offset="284" sl="236" sc="13" el="236" ec="13" bec="0" bev="0" fileid="5" />
                <SequencePoint vc="1" uspid="631" ordinal="0" offset="285" sl="236" sc="33" el="236" ec="33" bec="0" bev="0" fileid="5" />
                <SequencePoint vc="9" uspid="632" ordinal="0" offset="315" sl="236" sc="21" el="236" ec="21" bec="0" bev="0" fileid="5" />
                <SequencePoint vc="9" uspid="633" ordinal="0" offset="332" sl="237" sc="13" el="237" ec="13" bec="0" bev="0" fileid="5" />
                <SequencePoint vc="9" uspid="634" ordinal="0" offset="333" sl="238" sc="17" el="238" ec="17" bec="0" bev="0" fileid="5" />
                <SequencePoint vc="9" uspid="635" ordinal="0" offset="378" sl="239" sc="17" el="239" ec="17" bec="0" bev="0" fileid="5" />
                <SequencePoint vc="9" uspid="636" ordinal="0" offset="435" sl="241" sc="17" el="241" ec="17" bec="0" bev="0" fileid="5" />
                <SequencePoint vc="6" uspid="637" ordinal="0" offset="460" sl="242" sc="17" el="242" ec="17" bec="0" bev="0" fileid="5" />
                <SequencePoint vc="6" uspid="638" ordinal="0" offset="461" sl="243" sc="21" el="243" ec="21" bec="0" bev="0" fileid="5" />
                <SequencePoint vc="6" uspid="639" ordinal="0" offset="486" sl="244" sc="21" el="244" ec="21" bec="0" bev="0" fileid="5" />
                <SequencePoint vc="6" uspid="640" ordinal="0" offset="519" sl="245" sc="17" el="245" ec="17" bec="0" bev="0" fileid="5" />
                <SequencePoint vc="3" uspid="641" ordinal="0" offset="522" sl="247" sc="17" el="247" ec="17" bec="0" bev="0" fileid="5" />
                <SequencePoint vc="3" uspid="642" ordinal="0" offset="523" sl="248" sc="21" el="248" ec="21" bec="0" bev="0" fileid="5" />
                <SequencePoint vc="3" uspid="643" ordinal="0" offset="548" sl="249" sc="17" el="249" ec="17" bec="0" bev="0" fileid="5" />
                <SequencePoint vc="9" uspid="644" ordinal="0" offset="549" sl="250" sc="13" el="250" ec="13" bec="0" bev="0" fileid="5" />
                <SequencePoint vc="10" uspid="645" ordinal="0" offset="562" sl="236" sc="30" el="236" ec="30" bec="0" bev="0" fileid="5" />
                <SequencePoint vc="1" uspid="646" ordinal="0" offset="597" sl="252" sc="13" el="252" ec="13" bec="0" bev="0" fileid="5" />
                <SequencePoint vc="1" uspid="647" ordinal="0" offset="622" sl="253" sc="9" el="253" ec="9" bec="0" bev="0" fileid="5" />
              </SequencePoints>
              <BranchPoints />
            </Method>
          </Methods>
        </Class>
        <Class>
          <Summary numSequencePoints="1" visitedSequencePoints="1" numBranchPoints="0" visitedBranchPoints="0" sequenceCoverage="100.0" branchCoverage="0.0" maxCyclomaticComplexity="0" minCyclomaticComplexity="0" maxCrapScore="0" minCrapScore="0" visitedClasses="1" numClasses="1" visitedMethods="1" numMethods="1" />
          <FullName>Tests.SearchTester/&lt;&gt;c__DisplayClass10_0</FullName>
          <Methods>
            <Method visited="true" cyclomaticComplexity="0" nPathComplexity="0" sequenceCoverage="100.0" branchCoverage="0" crapScore="0" isConstructor="false" isStatic="false" isGetter="false" isSetter="false">
              <Summary numSequencePoints="1" visitedSequencePoints="1" numBranchPoints="0" visitedBranchPoints="0" sequenceCoverage="100.0" branchCoverage="0" maxCyclomaticComplexity="0" minCyclomaticComplexity="0" maxCrapScore="0" minCrapScore="0" visitedClasses="0" numClasses="0" visitedMethods="1" numMethods="1" />
              <MetadataToken>100663605</MetadataToken>
              <Name>System.Boolean Tests.SearchTester/&lt;&gt;c__DisplayClass10_0::&lt;Search&gt;b__0()</Name>
              <FileRef uid="5" />
              <SequencePoints>
                <SequencePoint vc="25947" uspid="648" ordinal="0" offset="0" sl="260" sc="46" el="260" ec="46" bec="0" bev="0" fileid="5" />
              </SequencePoints>
              <BranchPoints />
            </Method>
          </Methods>
        </Class>
        <Class>
          <Summary numSequencePoints="6" visitedSequencePoints="6" numBranchPoints="0" visitedBranchPoints="0" sequenceCoverage="100.0" branchCoverage="0.0" maxCyclomaticComplexity="0" minCyclomaticComplexity="0" maxCrapScore="0" minCrapScore="0" visitedClasses="1" numClasses="1" visitedMethods="1" numMethods="1" />
          <FullName>Tests.SearchTester/&lt;Search&gt;d__10</FullName>
          <Methods>
            <Method visited="true" cyclomaticComplexity="0" nPathComplexity="0" sequenceCoverage="100.0" branchCoverage="0" crapScore="0" isConstructor="false" isStatic="false" isGetter="false" isSetter="false">
              <Summary numSequencePoints="6" visitedSequencePoints="6" numBranchPoints="0" visitedBranchPoints="0" sequenceCoverage="100.0" branchCoverage="0" maxCyclomaticComplexity="0" minCyclomaticComplexity="0" maxCrapScore="0" minCrapScore="0" visitedClasses="0" numClasses="0" visitedMethods="1" numMethods="1" />
              <MetadataToken>100663608</MetadataToken>
              <Name>System.Boolean Tests.SearchTester/&lt;Search&gt;d__10::MoveNext()</Name>
              <FileRef uid="5" />
              <SequencePoints>
                <SequencePoint vc="38" uspid="649" ordinal="0" offset="62" sl="256" sc="9" el="256" ec="9" bec="0" bev="0" fileid="5" />
                <SequencePoint vc="38" uspid="650" ordinal="0" offset="63" sl="257" sc="13" el="257" ec="13" bec="0" bev="0" fileid="5" />
                <SequencePoint vc="38" uspid="651" ordinal="0" offset="91" sl="258" sc="13" el="258" ec="13" bec="0" bev="0" fileid="5" />
                <SequencePoint vc="38" uspid="652" ordinal="0" offset="119" sl="259" sc="13" el="259" ec="13" bec="0" bev="0" fileid="5" />
                <SequencePoint vc="38" uspid="653" ordinal="0" offset="136" sl="260" sc="13" el="260" ec="13" bec="0" bev="0" fileid="5" />
                <SequencePoint vc="38" uspid="654" ordinal="0" offset="180" sl="261" sc="9" el="261" ec="9" bec="0" bev="0" fileid="5" />
              </SequencePoints>
              <BranchPoints />
            </Method>
          </Methods>
        </Class>
      </Classes>
    </Module>
  </Modules>
</CoverageSession>