<?xml version="1.0" encoding="utf-8"?>
<CoverageSession xmlns:xsd="http://www.w3.org/2001/XMLSchema" xmlns:xsi="http://www.w3.org/2001/XMLSchema-instance" Version="0.0.0.0">
  <Summary numSequencePoints="150" visitedSequencePoints="150" numBranchPoints="0" visitedBranchPoints="0" sequenceCoverage="100.0" branchCoverage="0.0" maxCyclomaticComplexity="0" minCyclomaticComplexity="0" maxCrapScore="0" minCrapScore="0" visitedClasses="16" numClasses="16" visitedMethods="22" numMethods="22" />
  <Modules>
    <Module>
      <Summary numSequencePoints="150" visitedSequencePoints="150" numBranchPoints="0" visitedBranchPoints="0" sequenceCoverage="100.0" branchCoverage="0.0" maxCyclomaticComplexity="0" minCyclomaticComplexity="0" maxCrapScore="0" minCrapScore="0" visitedClasses="16" numClasses="16" visitedMethods="22" numMethods="22" />
      <ModuleTime>0001-01-01T00:00:00</ModuleTime>
      <ModuleName>Tests</ModuleName>
      <Files>
        <File uid="1" fullPath="C:/Users/HookSSi/Desktop/SE_Recipe/Assets/Tests/LoginTester.cs" />
        <File uid="2" fullPath="C:/Users/HookSSi/Desktop/SE_Recipe/Assets/Tests/RegisterTester.cs" />
      </Files>
      <Classes>
        <Class>
          <Summary numSequencePoints="10" visitedSequencePoints="10" numBranchPoints="0" visitedBranchPoints="0" sequenceCoverage="100.0" branchCoverage="0.0" maxCyclomaticComplexity="0" minCyclomaticComplexity="0" maxCrapScore="0" minCrapScore="0" visitedClasses="1" numClasses="1" visitedMethods="3" numMethods="3" />
          <FullName>Tests.LoginTester</FullName>
          <Methods>
            <Method visited="true" cyclomaticComplexity="0" nPathComplexity="0" sequenceCoverage="100.0" branchCoverage="0" crapScore="0" isConstructor="false" isStatic="false" isGetter="false" isSetter="false">
              <Summary numSequencePoints="4" visitedSequencePoints="4" numBranchPoints="0" visitedBranchPoints="0" sequenceCoverage="100.0" branchCoverage="0" maxCyclomaticComplexity="0" minCyclomaticComplexity="0" maxCrapScore="0" minCrapScore="0" visitedClasses="0" numClasses="0" visitedMethods="1" numMethods="1" />
              <MetadataToken>100663297</MetadataToken>
              <Name>System.Void Tests.LoginTester::OneTimeSetup()</Name>
              <FileRef uid="1" />
              <SequencePoints>
                <SequencePoint vc="1" uspid="1" ordinal="0" offset="0" sl="16" sc="9" el="16" ec="9" bec="0" bev="0" fileid="1" />
                <SequencePoint vc="1" uspid="2" ordinal="0" offset="1" sl="17" sc="13" el="17" ec="13" bec="0" bev="0" fileid="1" />
                <SequencePoint vc="1" uspid="3" ordinal="0" offset="19" sl="18" sc="13" el="18" ec="13" bec="0" bev="0" fileid="1" />
                <SequencePoint vc="1" uspid="4" ordinal="0" offset="31" sl="19" sc="9" el="19" ec="9" bec="0" bev="0" fileid="1" />
              </SequencePoints>
              <BranchPoints />
            </Method>
            <Method visited="true" cyclomaticComplexity="0" nPathComplexity="0" sequenceCoverage="100.0" branchCoverage="0" crapScore="0" isConstructor="false" isStatic="false" isGetter="false" isSetter="false">
              <Summary numSequencePoints="3" visitedSequencePoints="3" numBranchPoints="0" visitedBranchPoints="0" sequenceCoverage="100.0" branchCoverage="0" maxCyclomaticComplexity="0" minCyclomaticComplexity="0" maxCrapScore="0" minCrapScore="0" visitedClasses="0" numClasses="0" visitedMethods="1" numMethods="1" />
              <MetadataToken>100663298</MetadataToken>
              <Name>System.Void Tests.LoginTester::OnSceneLoaded(UnityEngine.SceneManagement.Scene, UnityEngine.SceneManagement.LoadSceneMode)</Name>
              <FileRef uid="1" />
              <SequencePoints>
                <SequencePoint vc="2" uspid="5" ordinal="0" offset="0" sl="22" sc="9" el="22" ec="9" bec="0" bev="0" fileid="1" />
                <SequencePoint vc="2" uspid="6" ordinal="0" offset="1" sl="23" sc="13" el="23" ec="13" bec="0" bev="0" fileid="1" />
                <SequencePoint vc="2" uspid="7" ordinal="0" offset="8" sl="24" sc="9" el="24" ec="9" bec="0" bev="0" fileid="1" />
              </SequencePoints>
              <BranchPoints />
            </Method>
            <Method visited="true" cyclomaticComplexity="0" nPathComplexity="0" sequenceCoverage="100.0" branchCoverage="0" crapScore="0" isConstructor="false" isStatic="false" isGetter="false" isSetter="false">
              <Summary numSequencePoints="3" visitedSequencePoints="3" numBranchPoints="0" visitedBranchPoints="0" sequenceCoverage="100.0" branchCoverage="0" maxCyclomaticComplexity="0" minCyclomaticComplexity="0" maxCrapScore="0" minCrapScore="0" visitedClasses="0" numClasses="0" visitedMethods="1" numMethods="1" />
              <MetadataToken>100663299</MetadataToken>
              <Name>System.Void Tests.LoginTester::TearDown()</Name>
              <FileRef uid="1" />
              <SequencePoints>
                <SequencePoint vc="2" uspid="8" ordinal="0" offset="0" sl="28" sc="9" el="28" ec="9" bec="0" bev="0" fileid="1" />
                <SequencePoint vc="2" uspid="9" ordinal="0" offset="1" sl="29" sc="13" el="29" ec="13" bec="0" bev="0" fileid="1" />
                <SequencePoint vc="2" uspid="10" ordinal="0" offset="12" sl="30" sc="9" el="30" ec="9" bec="0" bev="0" fileid="1" />
              </SequencePoints>
              <BranchPoints />
            </Method>
          </Methods>
        </Class>
        <Class>
          <Summary numSequencePoints="13" visitedSequencePoints="13" numBranchPoints="0" visitedBranchPoints="0" sequenceCoverage="100.0" branchCoverage="0.0" maxCyclomaticComplexity="0" minCyclomaticComplexity="0" maxCrapScore="0" minCrapScore="0" visitedClasses="1" numClasses="1" visitedMethods="3" numMethods="3" />
          <FullName>Tests.RegisterTester</FullName>
          <Methods>
            <Method visited="true" cyclomaticComplexity="0" nPathComplexity="0" sequenceCoverage="100.0" branchCoverage="0" crapScore="0" isConstructor="false" isStatic="false" isGetter="false" isSetter="false">
              <Summary numSequencePoints="4" visitedSequencePoints="4" numBranchPoints="0" visitedBranchPoints="0" sequenceCoverage="100.0" branchCoverage="0" maxCyclomaticComplexity="0" minCyclomaticComplexity="0" maxCrapScore="0" minCrapScore="0" visitedClasses="0" numClasses="0" visitedMethods="1" numMethods="1" />
              <MetadataToken>100663303</MetadataToken>
              <Name>System.Void Tests.RegisterTester::OneTimeSetup()</Name>
              <FileRef uid="2" />
              <SequencePoints>
                <SequencePoint vc="1" uspid="11" ordinal="0" offset="0" sl="17" sc="9" el="17" ec="9" bec="0" bev="0" fileid="2" />
                <SequencePoint vc="1" uspid="12" ordinal="0" offset="1" sl="18" sc="13" el="18" ec="13" bec="0" bev="0" fileid="2" />
                <SequencePoint vc="1" uspid="13" ordinal="0" offset="19" sl="19" sc="13" el="19" ec="13" bec="0" bev="0" fileid="2" />
                <SequencePoint vc="1" uspid="14" ordinal="0" offset="31" sl="20" sc="9" el="20" ec="9" bec="0" bev="0" fileid="2" />
              </SequencePoints>
              <BranchPoints />
            </Method>
            <Method visited="true" cyclomaticComplexity="0" nPathComplexity="0" sequenceCoverage="100.0" branchCoverage="0" crapScore="0" isConstructor="false" isStatic="false" isGetter="false" isSetter="false">
              <Summary numSequencePoints="3" visitedSequencePoints="3" numBranchPoints="0" visitedBranchPoints="0" sequenceCoverage="100.0" branchCoverage="0" maxCyclomaticComplexity="0" minCyclomaticComplexity="0" maxCrapScore="0" minCrapScore="0" visitedClasses="0" numClasses="0" visitedMethods="1" numMethods="1" />
              <MetadataToken>100663304</MetadataToken>
              <Name>System.Void Tests.RegisterTester::OnSceneLoaded(UnityEngine.SceneManagement.Scene, UnityEngine.SceneManagement.LoadSceneMode)</Name>
              <FileRef uid="2" />
              <SequencePoints>
                <SequencePoint vc="1" uspid="15" ordinal="0" offset="0" sl="23" sc="9" el="23" ec="9" bec="0" bev="0" fileid="2" />
                <SequencePoint vc="1" uspid="16" ordinal="0" offset="1" sl="24" sc="13" el="24" ec="13" bec="0" bev="0" fileid="2" />
                <SequencePoint vc="1" uspid="17" ordinal="0" offset="8" sl="25" sc="9" el="25" ec="9" bec="0" bev="0" fileid="2" />
              </SequencePoints>
              <BranchPoints />
            </Method>
            <Method visited="true" cyclomaticComplexity="0" nPathComplexity="0" sequenceCoverage="100.0" branchCoverage="0" crapScore="0" isConstructor="false" isStatic="false" isGetter="false" isSetter="false">
              <Summary numSequencePoints="6" visitedSequencePoints="6" numBranchPoints="0" visitedBranchPoints="0" sequenceCoverage="100.0" branchCoverage="0" maxCyclomaticComplexity="0" minCyclomaticComplexity="0" maxCrapScore="0" minCrapScore="0" visitedClasses="0" numClasses="0" visitedMethods="1" numMethods="1" />
              <MetadataToken>100663311</MetadataToken>
              <Name>System.Void Tests.RegisterTester::TestRegister(StartMenuManager, System.String, System.String, System.String)</Name>
              <FileRef uid="2" />
              <SequencePoints>
                <SequencePoint vc="40" uspid="18" ordinal="0" offset="0" sl="251" sc="9" el="251" ec="9" bec="0" bev="0" fileid="2" />
                <SequencePoint vc="40" uspid="19" ordinal="0" offset="1" sl="252" sc="13" el="252" ec="13" bec="0" bev="0" fileid="2" />
                <SequencePoint vc="40" uspid="20" ordinal="0" offset="14" sl="253" sc="13" el="253" ec="13" bec="0" bev="0" fileid="2" />
                <SequencePoint vc="40" uspid="21" ordinal="0" offset="27" sl="254" sc="13" el="254" ec="13" bec="0" bev="0" fileid="2" />
                <SequencePoint vc="40" uspid="22" ordinal="0" offset="41" sl="256" sc="13" el="256" ec="13" bec="0" bev="0" fileid="2" />
                <SequencePoint vc="40" uspid="23" ordinal="0" offset="48" sl="257" sc="9" el="257" ec="9" bec="0" bev="0" fileid="2" />
              </SequencePoints>
              <BranchPoints />
            </Method>
          </Methods>
        </Class>
        <Class>
          <Summary numSequencePoints="2" visitedSequencePoints="2" numBranchPoints="0" visitedBranchPoints="0" sequenceCoverage="100.0" branchCoverage="0.0" maxCyclomaticComplexity="0" minCyclomaticComplexity="0" maxCrapScore="0" minCrapScore="0" visitedClasses="1" numClasses="1" visitedMethods="2" numMethods="2" />
          <FullName>Tests.LoginTester/&lt;&gt;c__DisplayClass4_0</FullName>
          <Methods>
            <Method visited="true" cyclomaticComplexity="0" nPathComplexity="0" sequenceCoverage="100.0" branchCoverage="0" crapScore="0" isConstructor="false" isStatic="false" isGetter="false" isSetter="false">
              <Summary numSequencePoints="1" visitedSequencePoints="1" numBranchPoints="0" visitedBranchPoints="0" sequenceCoverage="100.0" branchCoverage="0" maxCyclomaticComplexity="0" minCyclomaticComplexity="0" maxCrapScore="0" minCrapScore="0" visitedClasses="0" numClasses="0" visitedMethods="1" numMethods="1" />
              <MetadataToken>100663314</MetadataToken>
              <Name>System.Boolean Tests.LoginTester/&lt;&gt;c__DisplayClass4_0::&lt;정상적인_로그인_테스트&gt;b__0()</Name>
              <FileRef uid="1" />
              <SequencePoints>
                <SequencePoint vc="1" uspid="24" ordinal="0" offset="0" sl="35" sc="46" el="35" ec="46" bec="0" bev="0" fileid="1" />
              </SequencePoints>
              <BranchPoints />
            </Method>
            <Method visited="true" cyclomaticComplexity="0" nPathComplexity="0" sequenceCoverage="100.0" branchCoverage="0" crapScore="0" isConstructor="false" isStatic="false" isGetter="false" isSetter="false">
              <Summary numSequencePoints="1" visitedSequencePoints="1" numBranchPoints="0" visitedBranchPoints="0" sequenceCoverage="100.0" branchCoverage="0" maxCyclomaticComplexity="0" minCyclomaticComplexity="0" maxCrapScore="0" minCrapScore="0" visitedClasses="0" numClasses="0" visitedMethods="1" numMethods="1" />
              <MetadataToken>100663315</MetadataToken>
              <Name>System.Boolean Tests.LoginTester/&lt;&gt;c__DisplayClass4_0::&lt;정상적인_로그인_테스트&gt;b__1()</Name>
              <FileRef uid="1" />
              <SequencePoints>
                <SequencePoint vc="22" uspid="25" ordinal="0" offset="0" sl="43" sc="47" el="43" ec="47" bec="0" bev="0" fileid="1" />
              </SequencePoints>
              <BranchPoints />
            </Method>
          </Methods>
        </Class>
        <Class>
          <Summary numSequencePoints="11" visitedSequencePoints="11" numBranchPoints="0" visitedBranchPoints="0" sequenceCoverage="100.0" branchCoverage="0.0" maxCyclomaticComplexity="0" minCyclomaticComplexity="0" maxCrapScore="0" minCrapScore="0" visitedClasses="1" numClasses="1" visitedMethods="1" numMethods="1" />
          <FullName>Tests.LoginTester/&lt;정상적인_로그인_테스트&gt;d__4</FullName>
          <Methods>
            <Method visited="true" cyclomaticComplexity="0" nPathComplexity="0" sequenceCoverage="100.0" branchCoverage="0" crapScore="0" isConstructor="false" isStatic="false" isGetter="false" isSetter="false">
              <Summary numSequencePoints="11" visitedSequencePoints="11" numBranchPoints="0" visitedBranchPoints="0" sequenceCoverage="100.0" branchCoverage="0" maxCyclomaticComplexity="0" minCyclomaticComplexity="0" maxCrapScore="0" minCrapScore="0" visitedClasses="0" numClasses="0" visitedMethods="1" numMethods="1" />
              <MetadataToken>100663318</MetadataToken>
              <Name>System.Boolean Tests.LoginTester/&lt;정상적인_로그인_테스트&gt;d__4::MoveNext()</Name>
              <FileRef uid="1" />
              <SequencePoints>
                <SequencePoint vc="1" uspid="26" ordinal="0" offset="82" sl="34" sc="9" el="34" ec="9" bec="0" bev="0" fileid="1" />
                <SequencePoint vc="1" uspid="27" ordinal="0" offset="83" sl="35" sc="13" el="35" ec="13" bec="0" bev="0" fileid="1" />
                <SequencePoint vc="1" uspid="28" ordinal="0" offset="127" sl="37" sc="13" el="37" ec="13" bec="0" bev="0" fileid="1" />
                <SequencePoint vc="1" uspid="29" ordinal="0" offset="138" sl="38" sc="13" el="38" ec="13" bec="0" bev="0" fileid="1" />
                <SequencePoint vc="1" uspid="30" ordinal="0" offset="149" sl="40" sc="13" el="40" ec="13" bec="0" bev="0" fileid="1" />
                <SequencePoint vc="1" uspid="31" ordinal="0" offset="165" sl="41" sc="13" el="41" ec="13" bec="0" bev="0" fileid="1" />
                <SequencePoint vc="1" uspid="32" ordinal="0" offset="194" sl="43" sc="14" el="43" ec="14" bec="0" bev="0" fileid="1" />
                <SequencePoint vc="1" uspid="33" ordinal="0" offset="238" sl="45" sc="13" el="45" ec="13" bec="0" bev="0" fileid="1" />
                <SequencePoint vc="1" uspid="34" ordinal="0" offset="254" sl="47" sc="13" el="47" ec="13" bec="0" bev="0" fileid="1" />
                <SequencePoint vc="1" uspid="35" ordinal="0" offset="271" sl="49" sc="13" el="49" ec="13" bec="0" bev="0" fileid="1" />
                <SequencePoint vc="1" uspid="36" ordinal="0" offset="294" sl="50" sc="9" el="50" ec="9" bec="0" bev="0" fileid="1" />
              </SequencePoints>
              <BranchPoints />
            </Method>
          </Methods>
        </Class>
        <Class>
          <Summary numSequencePoints="2" visitedSequencePoints="2" numBranchPoints="0" visitedBranchPoints="0" sequenceCoverage="100.0" branchCoverage="0.0" maxCyclomaticComplexity="0" minCyclomaticComplexity="0" maxCrapScore="0" minCrapScore="0" visitedClasses="1" numClasses="1" visitedMethods="2" numMethods="2" />
          <FullName>Tests.LoginTester/&lt;&gt;c__DisplayClass5_0</FullName>
          <Methods>
            <Method visited="true" cyclomaticComplexity="0" nPathComplexity="0" sequenceCoverage="100.0" branchCoverage="0" crapScore="0" isConstructor="false" isStatic="false" isGetter="false" isSetter="false">
              <Summary numSequencePoints="1" visitedSequencePoints="1" numBranchPoints="0" visitedBranchPoints="0" sequenceCoverage="100.0" branchCoverage="0" maxCyclomaticComplexity="0" minCyclomaticComplexity="0" maxCrapScore="0" minCrapScore="0" visitedClasses="0" numClasses="0" visitedMethods="1" numMethods="1" />
              <MetadataToken>100663323</MetadataToken>
              <Name>System.Boolean Tests.LoginTester/&lt;&gt;c__DisplayClass5_0::&lt;아이디가_존재하지_않음_테스트&gt;b__0()</Name>
              <FileRef uid="1" />
              <SequencePoints>
                <SequencePoint vc="1" uspid="37" ordinal="0" offset="0" sl="55" sc="46" el="55" ec="46" bec="0" bev="0" fileid="1" />
              </SequencePoints>
              <BranchPoints />
            </Method>
            <Method visited="true" cyclomaticComplexity="0" nPathComplexity="0" sequenceCoverage="100.0" branchCoverage="0" crapScore="0" isConstructor="false" isStatic="false" isGetter="false" isSetter="false">
              <Summary numSequencePoints="1" visitedSequencePoints="1" numBranchPoints="0" visitedBranchPoints="0" sequenceCoverage="100.0" branchCoverage="0" maxCyclomaticComplexity="0" minCyclomaticComplexity="0" maxCrapScore="0" minCrapScore="0" visitedClasses="0" numClasses="0" visitedMethods="1" numMethods="1" />
              <MetadataToken>100663324</MetadataToken>
              <Name>System.Boolean Tests.LoginTester/&lt;&gt;c__DisplayClass5_0::&lt;아이디가_존재하지_않음_테스트&gt;b__1()</Name>
              <FileRef uid="1" />
              <SequencePoints>
                <SequencePoint vc="6" uspid="38" ordinal="0" offset="0" sl="63" sc="46" el="63" ec="46" bec="0" bev="0" fileid="1" />
              </SequencePoints>
              <BranchPoints />
            </Method>
          </Methods>
        </Class>
        <Class>
          <Summary numSequencePoints="11" visitedSequencePoints="11" numBranchPoints="0" visitedBranchPoints="0" sequenceCoverage="100.0" branchCoverage="0.0" maxCyclomaticComplexity="0" minCyclomaticComplexity="0" maxCrapScore="0" minCrapScore="0" visitedClasses="1" numClasses="1" visitedMethods="1" numMethods="1" />
          <FullName>Tests.LoginTester/&lt;아이디가_존재하지_않음_테스트&gt;d__5</FullName>
          <Methods>
            <Method visited="true" cyclomaticComplexity="0" nPathComplexity="0" sequenceCoverage="100.0" branchCoverage="0" crapScore="0" isConstructor="false" isStatic="false" isGetter="false" isSetter="false">
              <Summary numSequencePoints="11" visitedSequencePoints="11" numBranchPoints="0" visitedBranchPoints="0" sequenceCoverage="100.0" branchCoverage="0" maxCyclomaticComplexity="0" minCyclomaticComplexity="0" maxCrapScore="0" minCrapScore="0" visitedClasses="0" numClasses="0" visitedMethods="1" numMethods="1" />
              <MetadataToken>100663327</MetadataToken>
              <Name>System.Boolean Tests.LoginTester/&lt;아이디가_존재하지_않음_테스트&gt;d__5::MoveNext()</Name>
              <FileRef uid="1" />
              <SequencePoints>
                <SequencePoint vc="1" uspid="39" ordinal="0" offset="82" sl="54" sc="9" el="54" ec="9" bec="0" bev="0" fileid="1" />
                <SequencePoint vc="1" uspid="40" ordinal="0" offset="83" sl="55" sc="13" el="55" ec="13" bec="0" bev="0" fileid="1" />
                <SequencePoint vc="1" uspid="41" ordinal="0" offset="127" sl="57" sc="13" el="57" ec="13" bec="0" bev="0" fileid="1" />
                <SequencePoint vc="1" uspid="42" ordinal="0" offset="138" sl="58" sc="13" el="58" ec="13" bec="0" bev="0" fileid="1" />
                <SequencePoint vc="1" uspid="43" ordinal="0" offset="149" sl="60" sc="13" el="60" ec="13" bec="0" bev="0" fileid="1" />
                <SequencePoint vc="1" uspid="44" ordinal="0" offset="165" sl="61" sc="13" el="61" ec="13" bec="0" bev="0" fileid="1" />
                <SequencePoint vc="1" uspid="45" ordinal="0" offset="194" sl="63" sc="13" el="63" ec="13" bec="0" bev="0" fileid="1" />
                <SequencePoint vc="1" uspid="46" ordinal="0" offset="238" sl="65" sc="13" el="65" ec="13" bec="0" bev="0" fileid="1" />
                <SequencePoint vc="1" uspid="47" ordinal="0" offset="254" sl="67" sc="13" el="67" ec="13" bec="0" bev="0" fileid="1" />
                <SequencePoint vc="1" uspid="48" ordinal="0" offset="269" sl="69" sc="13" el="69" ec="13" bec="0" bev="0" fileid="1" />
                <SequencePoint vc="1" uspid="49" ordinal="0" offset="292" sl="70" sc="9" el="70" ec="9" bec="0" bev="0" fileid="1" />
              </SequencePoints>
              <BranchPoints />
            </Method>
          </Methods>
        </Class>
        <Class>
          <Summary numSequencePoints="6" visitedSequencePoints="6" numBranchPoints="0" visitedBranchPoints="0" sequenceCoverage="100.0" branchCoverage="0.0" maxCyclomaticComplexity="0" minCyclomaticComplexity="0" maxCrapScore="0" minCrapScore="0" visitedClasses="1" numClasses="1" visitedMethods="1" numMethods="1" />
          <FullName>Tests.RegisterTester/&lt;회원가입창_열기_테스트&gt;d__3</FullName>
          <Methods>
            <Method visited="true" cyclomaticComplexity="0" nPathComplexity="0" sequenceCoverage="100.0" branchCoverage="0" crapScore="0" isConstructor="false" isStatic="false" isGetter="false" isSetter="false">
              <Summary numSequencePoints="6" visitedSequencePoints="6" numBranchPoints="0" visitedBranchPoints="0" sequenceCoverage="100.0" branchCoverage="0" maxCyclomaticComplexity="0" minCyclomaticComplexity="0" maxCrapScore="0" minCrapScore="0" visitedClasses="0" numClasses="0" visitedMethods="1" numMethods="1" />
              <MetadataToken>100663333</MetadataToken>
              <Name>System.Boolean Tests.RegisterTester/&lt;회원가입창_열기_테스트&gt;d__3::MoveNext()</Name>
              <FileRef uid="2" />
              <SequencePoints>
                <SequencePoint vc="1" uspid="50" ordinal="0" offset="31" sl="29" sc="9" el="29" ec="9" bec="0" bev="0" fileid="2" />
                <SequencePoint vc="1" uspid="51" ordinal="0" offset="32" sl="30" sc="13" el="30" ec="13" bec="0" bev="0" fileid="2" />
                <SequencePoint vc="1" uspid="52" ordinal="0" offset="43" sl="31" sc="13" el="31" ec="13" bec="0" bev="0" fileid="2" />
                <SequencePoint vc="1" uspid="53" ordinal="0" offset="55" sl="32" sc="13" el="32" ec="13" bec="0" bev="0" fileid="2" />
                <SequencePoint vc="1" uspid="54" ordinal="0" offset="77" sl="34" sc="13" el="34" ec="13" bec="0" bev="0" fileid="2" />
                <SequencePoint vc="1" uspid="55" ordinal="0" offset="100" sl="35" sc="9" el="35" ec="9" bec="0" bev="0" fileid="2" />
              </SequencePoints>
              <BranchPoints />
            </Method>
          </Methods>
        </Class>
        <Class>
          <Summary numSequencePoints="6" visitedSequencePoints="6" numBranchPoints="0" visitedBranchPoints="0" sequenceCoverage="100.0" branchCoverage="0.0" maxCyclomaticComplexity="0" minCyclomaticComplexity="0" maxCrapScore="0" minCrapScore="0" visitedClasses="1" numClasses="1" visitedMethods="1" numMethods="1" />
          <FullName>Tests.RegisterTester/&lt;회원가입창_닫기_테스트&gt;d__4</FullName>
          <Methods>
            <Method visited="true" cyclomaticComplexity="0" nPathComplexity="0" sequenceCoverage="100.0" branchCoverage="0" crapScore="0" isConstructor="false" isStatic="false" isGetter="false" isSetter="false">
              <Summary numSequencePoints="6" visitedSequencePoints="6" numBranchPoints="0" visitedBranchPoints="0" sequenceCoverage="100.0" branchCoverage="0" maxCyclomaticComplexity="0" minCyclomaticComplexity="0" maxCrapScore="0" minCrapScore="0" visitedClasses="0" numClasses="0" visitedMethods="1" numMethods="1" />
              <MetadataToken>100663339</MetadataToken>
              <Name>System.Boolean Tests.RegisterTester/&lt;회원가입창_닫기_테스트&gt;d__4::MoveNext()</Name>
              <FileRef uid="2" />
              <SequencePoints>
                <SequencePoint vc="1" uspid="56" ordinal="0" offset="31" sl="39" sc="9" el="39" ec="9" bec="0" bev="0" fileid="2" />
                <SequencePoint vc="1" uspid="57" ordinal="0" offset="32" sl="40" sc="13" el="40" ec="13" bec="0" bev="0" fileid="2" />
                <SequencePoint vc="1" uspid="58" ordinal="0" offset="43" sl="41" sc="13" el="41" ec="13" bec="0" bev="0" fileid="2" />
                <SequencePoint vc="1" uspid="59" ordinal="0" offset="55" sl="42" sc="13" el="42" ec="13" bec="0" bev="0" fileid="2" />
                <SequencePoint vc="1" uspid="60" ordinal="0" offset="77" sl="44" sc="13" el="44" ec="13" bec="0" bev="0" fileid="2" />
                <SequencePoint vc="1" uspid="61" ordinal="0" offset="100" sl="45" sc="9" el="45" ec="9" bec="0" bev="0" fileid="2" />
              </SequencePoints>
              <BranchPoints />
            </Method>
          </Methods>
        </Class>
        <Class>
          <Summary numSequencePoints="1" visitedSequencePoints="1" numBranchPoints="0" visitedBranchPoints="0" sequenceCoverage="100.0" branchCoverage="0.0" maxCyclomaticComplexity="0" minCyclomaticComplexity="0" maxCrapScore="0" minCrapScore="0" visitedClasses="1" numClasses="1" visitedMethods="1" numMethods="1" />
          <FullName>Tests.RegisterTester/&lt;&gt;c__DisplayClass5_0</FullName>
          <Methods>
            <Method visited="true" cyclomaticComplexity="0" nPathComplexity="0" sequenceCoverage="100.0" branchCoverage="0" crapScore="0" isConstructor="false" isStatic="false" isGetter="false" isSetter="false">
              <Summary numSequencePoints="1" visitedSequencePoints="1" numBranchPoints="0" visitedBranchPoints="0" sequenceCoverage="100.0" branchCoverage="0" maxCyclomaticComplexity="0" minCyclomaticComplexity="0" maxCrapScore="0" minCrapScore="0" visitedClasses="0" numClasses="0" visitedMethods="1" numMethods="1" />
              <MetadataToken>100663344</MetadataToken>
              <Name>System.Boolean Tests.RegisterTester/&lt;&gt;c__DisplayClass5_0::&lt;회원가입_정상_입력_테스트&gt;b__0()</Name>
              <FileRef uid="2" />
              <SequencePoints>
                <SequencePoint vc="35" uspid="62" ordinal="0" offset="0" sl="61" sc="46" el="61" ec="46" bec="0" bev="0" fileid="2" />
              </SequencePoints>
              <BranchPoints />
            </Method>
          </Methods>
        </Class>
        <Class>
          <Summary numSequencePoints="13" visitedSequencePoints="13" numBranchPoints="0" visitedBranchPoints="0" sequenceCoverage="100.0" branchCoverage="0.0" maxCyclomaticComplexity="0" minCyclomaticComplexity="0" maxCrapScore="0" minCrapScore="0" visitedClasses="1" numClasses="1" visitedMethods="1" numMethods="1" />
          <FullName>Tests.RegisterTester/&lt;회원가입_정상_입력_테스트&gt;d__5</FullName>
          <Methods>
            <Method visited="true" cyclomaticComplexity="0" nPathComplexity="0" sequenceCoverage="100.0" branchCoverage="0" crapScore="0" isConstructor="false" isStatic="false" isGetter="false" isSetter="false">
              <Summary numSequencePoints="13" visitedSequencePoints="13" numBranchPoints="0" visitedBranchPoints="0" sequenceCoverage="100.0" branchCoverage="0" maxCyclomaticComplexity="0" minCyclomaticComplexity="0" maxCrapScore="0" minCrapScore="0" visitedClasses="0" numClasses="0" visitedMethods="1" numMethods="1" />
              <MetadataToken>100663347</MetadataToken>
              <Name>System.Boolean Tests.RegisterTester/&lt;회원가입_정상_입력_테스트&gt;d__5::MoveNext()</Name>
              <FileRef uid="2" />
              <SequencePoints>
                <SequencePoint vc="1" uspid="63" ordinal="0" offset="59" sl="49" sc="9" el="49" ec="9" bec="0" bev="0" fileid="2" />
                <SequencePoint vc="1" uspid="64" ordinal="0" offset="60" sl="50" sc="13" el="50" ec="13" bec="0" bev="0" fileid="2" />
                <SequencePoint vc="1" uspid="65" ordinal="0" offset="71" sl="51" sc="13" el="51" ec="13" bec="0" bev="0" fileid="2" />
                <SequencePoint vc="1" uspid="66" ordinal="0" offset="82" sl="52" sc="13" el="52" ec="13" bec="0" bev="0" fileid="2" />
                <SequencePoint vc="1" uspid="67" ordinal="0" offset="93" sl="54" sc="13" el="54" ec="13" bec="0" bev="0" fileid="2" />
                <SequencePoint vc="1" uspid="68" ordinal="0" offset="109" sl="55" sc="13" el="55" ec="13" bec="0" bev="0" fileid="2" />
                <SequencePoint vc="1" uspid="69" ordinal="0" offset="137" sl="56" sc="13" el="56" ec="13" bec="0" bev="0" fileid="2" />
                <SequencePoint vc="1" uspid="70" ordinal="0" offset="165" sl="57" sc="13" el="57" ec="13" bec="0" bev="0" fileid="2" />
                <SequencePoint vc="1" uspid="71" ordinal="0" offset="193" sl="59" sc="13" el="59" ec="13" bec="0" bev="0" fileid="2" />
                <SequencePoint vc="1" uspid="72" ordinal="0" offset="210" sl="61" sc="13" el="61" ec="13" bec="0" bev="0" fileid="2" />
                <SequencePoint vc="1" uspid="73" ordinal="0" offset="254" sl="63" sc="13" el="63" ec="13" bec="0" bev="0" fileid="2" />
                <SequencePoint vc="1" uspid="74" ordinal="0" offset="281" sl="65" sc="13" el="65" ec="13" bec="0" bev="0" fileid="2" />
                <SequencePoint vc="1" uspid="75" ordinal="0" offset="304" sl="66" sc="9" el="66" ec="9" bec="0" bev="0" fileid="2" />
              </SequencePoints>
              <BranchPoints />
            </Method>
          </Methods>
        </Class>
        <Class>
          <Summary numSequencePoints="1" visitedSequencePoints="1" numBranchPoints="0" visitedBranchPoints="0" sequenceCoverage="100.0" branchCoverage="0.0" maxCyclomaticComplexity="0" minCyclomaticComplexity="0" maxCrapScore="0" minCrapScore="0" visitedClasses="1" numClasses="1" visitedMethods="1" numMethods="1" />
          <FullName>Tests.RegisterTester/&lt;&gt;c__DisplayClass6_0</FullName>
          <Methods>
            <Method visited="true" cyclomaticComplexity="0" nPathComplexity="0" sequenceCoverage="100.0" branchCoverage="0" crapScore="0" isConstructor="false" isStatic="false" isGetter="false" isSetter="false">
              <Summary numSequencePoints="1" visitedSequencePoints="1" numBranchPoints="0" visitedBranchPoints="0" sequenceCoverage="100.0" branchCoverage="0" maxCyclomaticComplexity="0" minCyclomaticComplexity="0" maxCrapScore="0" minCrapScore="0" visitedClasses="0" numClasses="0" visitedMethods="1" numMethods="1" />
              <MetadataToken>100663352</MetadataToken>
              <Name>System.Boolean Tests.RegisterTester/&lt;&gt;c__DisplayClass6_0::&lt;회원가입_아이디_비정상_입력_테스트&gt;b__0()</Name>
              <FileRef uid="2" />
              <SequencePoints>
                <SequencePoint vc="351" uspid="76" ordinal="0" offset="0" sl="115" sc="50" el="115" ec="50" bec="0" bev="0" fileid="2" />
              </SequencePoints>
              <BranchPoints />
            </Method>
          </Methods>
        </Class>
        <Class>
          <Summary numSequencePoints="24" visitedSequencePoints="24" numBranchPoints="0" visitedBranchPoints="0" sequenceCoverage="100.0" branchCoverage="0.0" maxCyclomaticComplexity="0" minCyclomaticComplexity="0" maxCrapScore="0" minCrapScore="0" visitedClasses="1" numClasses="1" visitedMethods="1" numMethods="1" />
          <FullName>Tests.RegisterTester/&lt;회원가입_아이디_비정상_입력_테스트&gt;d__6</FullName>
          <Methods>
            <Method visited="true" cyclomaticComplexity="0" nPathComplexity="0" sequenceCoverage="100.0" branchCoverage="0" crapScore="0" isConstructor="false" isStatic="false" isGetter="false" isSetter="false">
              <Summary numSequencePoints="24" visitedSequencePoints="24" numBranchPoints="0" visitedBranchPoints="0" sequenceCoverage="100.0" branchCoverage="0" maxCyclomaticComplexity="0" minCyclomaticComplexity="0" maxCrapScore="0" minCrapScore="0" visitedClasses="0" numClasses="0" visitedMethods="1" numMethods="1" />
              <MetadataToken>100663355</MetadataToken>
              <Name>System.Boolean Tests.RegisterTester/&lt;회원가입_아이디_비정상_입력_테스트&gt;d__6::MoveNext()</Name>
              <FileRef uid="2" />
              <SequencePoints>
                <SequencePoint vc="1" uspid="77" ordinal="0" offset="64" sl="70" sc="9" el="70" ec="9" bec="0" bev="0" fileid="2" />
                <SequencePoint vc="1" uspid="78" ordinal="0" offset="65" sl="71" sc="13" el="71" ec="13" bec="0" bev="0" fileid="2" />
                <SequencePoint vc="1" uspid="79" ordinal="0" offset="76" sl="72" sc="13" el="72" ec="13" bec="0" bev="0" fileid="2" />
                <SequencePoint vc="1" uspid="80" ordinal="0" offset="87" sl="73" sc="13" el="73" ec="13" bec="0" bev="0" fileid="2" />
                <SequencePoint vc="1" uspid="81" ordinal="0" offset="103" sl="75" sc="13" el="75" ec="13" bec="0" bev="0" fileid="2" />
                <SequencePoint vc="1" uspid="82" ordinal="0" offset="296" sl="111" sc="13" el="111" ec="13" bec="0" bev="0" fileid="2" />
                <SequencePoint vc="1" uspid="83" ordinal="0" offset="297" sl="111" sc="33" el="111" ec="33" bec="0" bev="0" fileid="2" />
                <SequencePoint vc="14" uspid="84" ordinal="0" offset="327" sl="111" sc="21" el="111" ec="21" bec="0" bev="0" fileid="2" />
                <SequencePoint vc="14" uspid="85" ordinal="0" offset="344" sl="112" sc="13" el="112" ec="13" bec="0" bev="0" fileid="2" />
                <SequencePoint vc="14" uspid="86" ordinal="0" offset="345" sl="113" sc="17" el="113" ec="17" bec="0" bev="0" fileid="2" />
                <SequencePoint vc="14" uspid="87" ordinal="0" offset="395" sl="114" sc="17" el="114" ec="17" bec="0" bev="0" fileid="2" />
                <SequencePoint vc="14" uspid="88" ordinal="0" offset="441" sl="115" sc="17" el="115" ec="17" bec="0" bev="0" fileid="2" />
                <SequencePoint vc="14" uspid="89" ordinal="0" offset="520" sl="117" sc="17" el="117" ec="17" bec="0" bev="0" fileid="2" />
                <SequencePoint vc="5" uspid="90" ordinal="0" offset="538" sl="118" sc="17" el="118" ec="17" bec="0" bev="0" fileid="2" />
                <SequencePoint vc="5" uspid="91" ordinal="0" offset="539" sl="119" sc="21" el="119" ec="21" bec="0" bev="0" fileid="2" />
                <SequencePoint vc="5" uspid="92" ordinal="0" offset="566" sl="120" sc="21" el="120" ec="21" bec="0" bev="0" fileid="2" />
                <SequencePoint vc="5" uspid="93" ordinal="0" offset="598" sl="121" sc="17" el="121" ec="17" bec="0" bev="0" fileid="2" />
                <SequencePoint vc="9" uspid="94" ordinal="0" offset="601" sl="123" sc="17" el="123" ec="17" bec="0" bev="0" fileid="2" />
                <SequencePoint vc="9" uspid="95" ordinal="0" offset="602" sl="124" sc="21" el="124" ec="21" bec="0" bev="0" fileid="2" />
                <SequencePoint vc="9" uspid="96" ordinal="0" offset="629" sl="125" sc="17" el="125" ec="17" bec="0" bev="0" fileid="2" />
                <SequencePoint vc="14" uspid="97" ordinal="0" offset="630" sl="126" sc="13" el="126" ec="13" bec="0" bev="0" fileid="2" />
                <SequencePoint vc="15" uspid="98" ordinal="0" offset="643" sl="111" sc="30" el="111" ec="30" bec="0" bev="0" fileid="2" />
                <SequencePoint vc="1" uspid="99" ordinal="0" offset="678" sl="128" sc="13" el="128" ec="13" bec="0" bev="0" fileid="2" />
                <SequencePoint vc="1" uspid="100" ordinal="0" offset="703" sl="129" sc="9" el="129" ec="9" bec="0" bev="0" fileid="2" />
              </SequencePoints>
              <BranchPoints />
            </Method>
          </Methods>
        </Class>
        <Class>
          <Summary numSequencePoints="1" visitedSequencePoints="1" numBranchPoints="0" visitedBranchPoints="0" sequenceCoverage="100.0" branchCoverage="0.0" maxCyclomaticComplexity="0" minCyclomaticComplexity="0" maxCrapScore="0" minCrapScore="0" visitedClasses="1" numClasses="1" visitedMethods="1" numMethods="1" />
          <FullName>Tests.RegisterTester/&lt;&gt;c__DisplayClass7_0</FullName>
          <Methods>
            <Method visited="true" cyclomaticComplexity="0" nPathComplexity="0" sequenceCoverage="100.0" branchCoverage="0" crapScore="0" isConstructor="false" isStatic="false" isGetter="false" isSetter="false">
              <Summary numSequencePoints="1" visitedSequencePoints="1" numBranchPoints="0" visitedBranchPoints="0" sequenceCoverage="100.0" branchCoverage="0" maxCyclomaticComplexity="0" minCyclomaticComplexity="0" maxCrapScore="0" minCrapScore="0" visitedClasses="0" numClasses="0" visitedMethods="1" numMethods="1" />
              <MetadataToken>100663361</MetadataToken>
              <Name>System.Boolean Tests.RegisterTester/&lt;&gt;c__DisplayClass7_0::&lt;회원가입_비밀번호_비정상_입력_테스트&gt;b__0()</Name>
              <FileRef uid="2" />
              <SequencePoints>
                <SequencePoint vc="306" uspid="101" ordinal="0" offset="0" sl="174" sc="50" el="174" ec="50" bec="0" bev="0" fileid="2" />
              </SequencePoints>
              <BranchPoints />
            </Method>
          </Methods>
        </Class>
        <Class>
          <Summary numSequencePoints="24" visitedSequencePoints="24" numBranchPoints="0" visitedBranchPoints="0" sequenceCoverage="100.0" branchCoverage="0.0" maxCyclomaticComplexity="0" minCyclomaticComplexity="0" maxCrapScore="0" minCrapScore="0" visitedClasses="1" numClasses="1" visitedMethods="1" numMethods="1" />
          <FullName>Tests.RegisterTester/&lt;회원가입_비밀번호_비정상_입력_테스트&gt;d__7</FullName>
          <Methods>
            <Method visited="true" cyclomaticComplexity="0" nPathComplexity="0" sequenceCoverage="100.0" branchCoverage="0" crapScore="0" isConstructor="false" isStatic="false" isGetter="false" isSetter="false">
              <Summary numSequencePoints="24" visitedSequencePoints="24" numBranchPoints="0" visitedBranchPoints="0" sequenceCoverage="100.0" branchCoverage="0" maxCyclomaticComplexity="0" minCyclomaticComplexity="0" maxCrapScore="0" minCrapScore="0" visitedClasses="0" numClasses="0" visitedMethods="1" numMethods="1" />
              <MetadataToken>100663364</MetadataToken>
              <Name>System.Boolean Tests.RegisterTester/&lt;회원가입_비밀번호_비정상_입력_테스트&gt;d__7::MoveNext()</Name>
              <FileRef uid="2" />
              <SequencePoints>
                <SequencePoint vc="1" uspid="102" ordinal="0" offset="64" sl="133" sc="9" el="133" ec="9" bec="0" bev="0" fileid="2" />
                <SequencePoint vc="1" uspid="103" ordinal="0" offset="65" sl="134" sc="13" el="134" ec="13" bec="0" bev="0" fileid="2" />
                <SequencePoint vc="1" uspid="104" ordinal="0" offset="76" sl="135" sc="13" el="135" ec="13" bec="0" bev="0" fileid="2" />
                <SequencePoint vc="1" uspid="105" ordinal="0" offset="87" sl="136" sc="13" el="136" ec="13" bec="0" bev="0" fileid="2" />
                <SequencePoint vc="1" uspid="106" ordinal="0" offset="103" sl="138" sc="13" el="138" ec="13" bec="0" bev="0" fileid="2" />
                <SequencePoint vc="1" uspid="107" ordinal="0" offset="283" sl="170" sc="13" el="170" ec="13" bec="0" bev="0" fileid="2" />
                <SequencePoint vc="1" uspid="108" ordinal="0" offset="284" sl="170" sc="33" el="170" ec="33" bec="0" bev="0" fileid="2" />
                <SequencePoint vc="13" uspid="109" ordinal="0" offset="314" sl="170" sc="21" el="170" ec="21" bec="0" bev="0" fileid="2" />
                <SequencePoint vc="13" uspid="110" ordinal="0" offset="331" sl="171" sc="13" el="171" ec="13" bec="0" bev="0" fileid="2" />
                <SequencePoint vc="13" uspid="111" ordinal="0" offset="332" sl="172" sc="17" el="172" ec="17" bec="0" bev="0" fileid="2" />
                <SequencePoint vc="13" uspid="112" ordinal="0" offset="382" sl="173" sc="17" el="173" ec="17" bec="0" bev="0" fileid="2" />
                <SequencePoint vc="13" uspid="113" ordinal="0" offset="428" sl="174" sc="17" el="174" ec="17" bec="0" bev="0" fileid="2" />
                <SequencePoint vc="13" uspid="114" ordinal="0" offset="507" sl="176" sc="17" el="176" ec="17" bec="0" bev="0" fileid="2" />
                <SequencePoint vc="4" uspid="115" ordinal="0" offset="525" sl="177" sc="17" el="177" ec="17" bec="0" bev="0" fileid="2" />
                <SequencePoint vc="4" uspid="116" ordinal="0" offset="526" sl="178" sc="21" el="178" ec="21" bec="0" bev="0" fileid="2" />
                <SequencePoint vc="4" uspid="117" ordinal="0" offset="553" sl="179" sc="21" el="179" ec="21" bec="0" bev="0" fileid="2" />
                <SequencePoint vc="4" uspid="118" ordinal="0" offset="585" sl="180" sc="17" el="180" ec="17" bec="0" bev="0" fileid="2" />
                <SequencePoint vc="9" uspid="119" ordinal="0" offset="588" sl="182" sc="17" el="182" ec="17" bec="0" bev="0" fileid="2" />
                <SequencePoint vc="9" uspid="120" ordinal="0" offset="589" sl="183" sc="21" el="183" ec="21" bec="0" bev="0" fileid="2" />
                <SequencePoint vc="9" uspid="121" ordinal="0" offset="616" sl="184" sc="17" el="184" ec="17" bec="0" bev="0" fileid="2" />
                <SequencePoint vc="13" uspid="122" ordinal="0" offset="617" sl="185" sc="13" el="185" ec="13" bec="0" bev="0" fileid="2" />
                <SequencePoint vc="14" uspid="123" ordinal="0" offset="630" sl="170" sc="30" el="170" ec="30" bec="0" bev="0" fileid="2" />
                <SequencePoint vc="1" uspid="124" ordinal="0" offset="665" sl="187" sc="13" el="187" ec="13" bec="0" bev="0" fileid="2" />
                <SequencePoint vc="1" uspid="125" ordinal="0" offset="690" sl="188" sc="9" el="188" ec="9" bec="0" bev="0" fileid="2" />
              </SequencePoints>
              <BranchPoints />
            </Method>
          </Methods>
        </Class>
        <Class>
          <Summary numSequencePoints="1" visitedSequencePoints="1" numBranchPoints="0" visitedBranchPoints="0" sequenceCoverage="100.0" branchCoverage="0.0" maxCyclomaticComplexity="0" minCyclomaticComplexity="0" maxCrapScore="0" minCrapScore="0" visitedClasses="1" numClasses="1" visitedMethods="1" numMethods="1" />
          <FullName>Tests.RegisterTester/&lt;&gt;c__DisplayClass8_0</FullName>
          <Methods>
            <Method visited="true" cyclomaticComplexity="0" nPathComplexity="0" sequenceCoverage="100.0" branchCoverage="0" crapScore="0" isConstructor="false" isStatic="false" isGetter="false" isSetter="false">
              <Summary numSequencePoints="1" visitedSequencePoints="1" numBranchPoints="0" visitedBranchPoints="0" sequenceCoverage="100.0" branchCoverage="0" maxCyclomaticComplexity="0" minCyclomaticComplexity="0" maxCrapScore="0" minCrapScore="0" visitedClasses="0" numClasses="0" visitedMethods="1" numMethods="1" />
              <MetadataToken>100663370</MetadataToken>
              <Name>System.Boolean Tests.RegisterTester/&lt;&gt;c__DisplayClass8_0::&lt;회원가입_이메일_비정상_입력_테스트&gt;b__0()</Name>
              <FileRef uid="2" />
              <SequencePoints>
                <SequencePoint vc="327" uspid="126" ordinal="0" offset="0" sl="234" sc="50" el="234" ec="50" bec="0" bev="0" fileid="2" />
              </SequencePoints>
              <BranchPoints />
            </Method>
          </Methods>
        </Class>
        <Class>
          <Summary numSequencePoints="24" visitedSequencePoints="24" numBranchPoints="0" visitedBranchPoints="0" sequenceCoverage="100.0" branchCoverage="0.0" maxCyclomaticComplexity="0" minCyclomaticComplexity="0" maxCrapScore="0" minCrapScore="0" visitedClasses="1" numClasses="1" visitedMethods="1" numMethods="1" />
          <FullName>Tests.RegisterTester/&lt;회원가입_이메일_비정상_입력_테스트&gt;d__8</FullName>
          <Methods>
            <Method visited="true" cyclomaticComplexity="0" nPathComplexity="0" sequenceCoverage="100.0" branchCoverage="0" crapScore="0" isConstructor="false" isStatic="false" isGetter="false" isSetter="false">
              <Summary numSequencePoints="24" visitedSequencePoints="24" numBranchPoints="0" visitedBranchPoints="0" sequenceCoverage="100.0" branchCoverage="0" maxCyclomaticComplexity="0" minCyclomaticComplexity="0" maxCrapScore="0" minCrapScore="0" visitedClasses="0" numClasses="0" visitedMethods="1" numMethods="1" />
              <MetadataToken>100663373</MetadataToken>
              <Name>System.Boolean Tests.RegisterTester/&lt;회원가입_이메일_비정상_입력_테스트&gt;d__8::MoveNext()</Name>
              <FileRef uid="2" />
              <SequencePoints>
                <SequencePoint vc="1" uspid="127" ordinal="0" offset="64" sl="192" sc="9" el="192" ec="9" bec="0" bev="0" fileid="2" />
                <SequencePoint vc="1" uspid="128" ordinal="0" offset="65" sl="193" sc="13" el="193" ec="13" bec="0" bev="0" fileid="2" />
                <SequencePoint vc="1" uspid="129" ordinal="0" offset="76" sl="194" sc="13" el="194" ec="13" bec="0" bev="0" fileid="2" />
                <SequencePoint vc="1" uspid="130" ordinal="0" offset="87" sl="195" sc="13" el="195" ec="13" bec="0" bev="0" fileid="2" />
                <SequencePoint vc="1" uspid="131" ordinal="0" offset="103" sl="197" sc="13" el="197" ec="13" bec="0" bev="0" fileid="2" />
                <SequencePoint vc="1" uspid="132" ordinal="0" offset="283" sl="230" sc="13" el="230" ec="13" bec="0" bev="0" fileid="2" />
                <SequencePoint vc="1" uspid="133" ordinal="0" offset="284" sl="230" sc="33" el="230" ec="33" bec="0" bev="0" fileid="2" />
                <SequencePoint vc="13" uspid="134" ordinal="0" offset="314" sl="230" sc="21" el="230" ec="21" bec="0" bev="0" fileid="2" />
                <SequencePoint vc="13" uspid="135" ordinal="0" offset="331" sl="231" sc="13" el="231" ec="13" bec="0" bev="0" fileid="2" />
                <SequencePoint vc="13" uspid="136" ordinal="0" offset="332" sl="232" sc="17" el="232" ec="17" bec="0" bev="0" fileid="2" />
                <SequencePoint vc="13" uspid="137" ordinal="0" offset="382" sl="233" sc="17" el="233" ec="17" bec="0" bev="0" fileid="2" />
                <SequencePoint vc="13" uspid="138" ordinal="0" offset="428" sl="234" sc="17" el="234" ec="17" bec="0" bev="0" fileid="2" />
                <SequencePoint vc="13" uspid="139" ordinal="0" offset="507" sl="236" sc="17" el="236" ec="17" bec="0" bev="0" fileid="2" />
                <SequencePoint vc="4" uspid="140" ordinal="0" offset="525" sl="237" sc="17" el="237" ec="17" bec="0" bev="0" fileid="2" />
                <SequencePoint vc="4" uspid="141" ordinal="0" offset="526" sl="238" sc="21" el="238" ec="21" bec="0" bev="0" fileid="2" />
                <SequencePoint vc="4" uspid="142" ordinal="0" offset="553" sl="239" sc="21" el="239" ec="21" bec="0" bev="0" fileid="2" />
                <SequencePoint vc="4" uspid="143" ordinal="0" offset="585" sl="240" sc="17" el="240" ec="17" bec="0" bev="0" fileid="2" />
                <SequencePoint vc="9" uspid="144" ordinal="0" offset="588" sl="242" sc="17" el="242" ec="17" bec="0" bev="0" fileid="2" />
                <SequencePoint vc="9" uspid="145" ordinal="0" offset="589" sl="243" sc="21" el="243" ec="21" bec="0" bev="0" fileid="2" />
                <SequencePoint vc="9" uspid="146" ordinal="0" offset="616" sl="244" sc="17" el="244" ec="17" bec="0" bev="0" fileid="2" />
                <SequencePoint vc="13" uspid="147" ordinal="0" offset="617" sl="245" sc="13" el="245" ec="13" bec="0" bev="0" fileid="2" />
                <SequencePoint vc="14" uspid="148" ordinal="0" offset="630" sl="230" sc="30" el="230" ec="30" bec="0" bev="0" fileid="2" />
                <SequencePoint vc="1" uspid="149" ordinal="0" offset="665" sl="247" sc="13" el="247" ec="13" bec="0" bev="0" fileid="2" />
                <SequencePoint vc="1" uspid="150" ordinal="0" offset="690" sl="248" sc="9" el="248" ec="9" bec="0" bev="0" fileid="2" />
              </SequencePoints>
              <BranchPoints />
            </Method>
          </Methods>
        </Class>
      </Classes>
    </Module>
  </Modules>
</CoverageSession>